PLINK v1.90b6.21 64-bit (19 Oct 2020)
Options in effect:
  --allow-extra-chr
  --double-id
  --make-bed
  --out binary_fileset
  --vcf /home/d669d153/work/zosterops.rad/admixture/mac2/nosingletons.vcf

Hostname: r14r12n04
Working directory: /panfs/pfs.local/work/bi/d669d153/zosterops.rad/admixture/mac2
Start time: Wed May  3 08:59:00 2023

Random number seed: 1683122340
192029 MB RAM detected; reserving 96014 MB for main workspace.
--vcf: binary_fileset-temporary.bed + binary_fileset-temporary.bim +
binary_fileset-temporary.fam written.
966 variants loaded from .bim file.
124 people (0 males, 0 females, 124 ambiguous) loaded from .fam.
Ambiguous sex IDs written to binary_fileset.nosex .
Using 1 thread (no multithreaded calculations invoked).
Before main variant filters, 124 founders and 0 nonfounders present.
Calculating allele frequencies... done.
Total genotyping rate is 0.94339.
966 variants and 124 people pass filters and QC.
Note: No phenotypes present.
--make-bed to binary_fileset.bed + binary_fileset.bim + binary_fileset.fam ...
done.

End time: Wed May  3 08:59:01 2023
