****                   ADMIXTURE Version 1.3.0                  ****
****                    Copyright 2008-2015                     ****
****           David Alexander, Suyash Shringarpure,            ****
****                John  Novembre, Ken Lange                   ****
****                                                            ****
****                 Please cite our paper!                     ****
****   Information at www.genetics.ucla.edu/software/admixture  ****

Cross-validation will be performed.  Folds=5.
Parallel execution requested.  Will use 5 threads.
Random seed: 43
Point estimation method: EM algorithm
Convergence acceleration algorithm: QuasiNewton, 3 secant conditions
Point estimation will terminate when objective function delta < 0.0001
Estimation of standard errors disabled; will compute point estimates only.
Size of G: 124x966
Performing five EM steps to prime main algorithm
1 (EM) 	Elapsed: 0.009	Loglikelihood: -41971.5	(delta): 131875
2 (EM) 	Elapsed: 0.009	Loglikelihood: -38647.1	(delta): 3324.36
3 (EM) 	Elapsed: 0.009	Loglikelihood: -37933.1	(delta): 714.054
4 (EM) 	Elapsed: 0.009	Loglikelihood: -37451.6	(delta): 481.467
5 (EM) 	Elapsed: 0.009	Loglikelihood: -37028.1	(delta): 423.481
Initial loglikelihood: -37028.1
Starting main algorithm
1 (QN/EM) 	Elapsed: 0.009	Loglikelihood: -36158.8	(delta): 869.336
2 (QN/EM) 	Elapsed: 0.01	Loglikelihood: -35160.1	(delta): 998.702
3 (QN/EM) 	Elapsed: 0.011	Loglikelihood: -31499.7	(delta): 3660.41
4 (QN/EM) 	Elapsed: 0.011	Loglikelihood: -29916	(delta): 1583.71
5 (QN/EM) 	Elapsed: 0.01	Loglikelihood: -29032.6	(delta): 883.395
6 (QN/EM) 	Elapsed: 0.009	Loglikelihood: -27446.3	(delta): 1586.31
7 (QN/EM) 	Elapsed: 0.009	Loglikelihood: -27013.4	(delta): 432.883
8 (QN/EM) 	Elapsed: 0.01	Loglikelihood: -26711.8	(delta): 301.61
9 (QN/EM) 	Elapsed: 0.01	Loglikelihood: -26575.3	(delta): 136.458
10 (QN/EM) 	Elapsed: 0.01	Loglikelihood: -26390.1	(delta): 185.172
11 (QN/EM) 	Elapsed: 0.01	Loglikelihood: -26193.7	(delta): 196.414
12 (QN/EM) 	Elapsed: 0.01	Loglikelihood: -25728	(delta): 465.715
13 (QN/EM) 	Elapsed: 0.01	Loglikelihood: -25521.6	(delta): 206.433
14 (QN/EM) 	Elapsed: 0.01	Loglikelihood: -25160	(delta): 361.534
15 (QN/EM) 	Elapsed: 0.01	Loglikelihood: -25032	(delta): 128.039
16 (QN/EM) 	Elapsed: 0.01	Loglikelihood: -24758.5	(delta): 273.545
17 (QN/EM) 	Elapsed: 0.01	Loglikelihood: -24351.3	(delta): 407.103
18 (QN/EM) 	Elapsed: 0.01	Loglikelihood: -24269.1	(delta): 82.2642
19 (QN/EM) 	Elapsed: 0.01	Loglikelihood: -24143.9	(delta): 125.173
20 (QN/EM) 	Elapsed: 0.009	Loglikelihood: -24055.1	(delta): 88.7915
21 (QN/EM) 	Elapsed: 0.01	Loglikelihood: -24009.7	(delta): 45.3727
22 (QN/EM) 	Elapsed: 0.01	Loglikelihood: -23964.1	(delta): 45.6189
23 (QN/EM) 	Elapsed: 0.01	Loglikelihood: -23880.1	(delta): 84.0681
24 (QN/EM) 	Elapsed: 0.01	Loglikelihood: -23831.5	(delta): 48.5997
25 (QN/EM) 	Elapsed: 0.01	Loglikelihood: -23801.2	(delta): 30.2445
26 (QN/EM) 	Elapsed: 0.01	Loglikelihood: -23735.9	(delta): 65.2975
27 (QN/EM) 	Elapsed: 0.01	Loglikelihood: -23661.8	(delta): 74.1276
28 (QN/EM) 	Elapsed: 0.01	Loglikelihood: -23618.2	(delta): 43.5659
29 (QN/EM) 	Elapsed: 0.01	Loglikelihood: -23549.2	(delta): 69.0018
30 (QN/EM) 	Elapsed: 0.01	Loglikelihood: -23540.2	(delta): 8.98753
31 (QN/EM) 	Elapsed: 0.01	Loglikelihood: -23509.4	(delta): 30.8502
32 (QN/EM) 	Elapsed: 0.01	Loglikelihood: -23490	(delta): 19.3521
33 (QN/EM) 	Elapsed: 0.01	Loglikelihood: -23475.1	(delta): 14.9243
34 (QN/EM) 	Elapsed: 0.01	Loglikelihood: -23469.4	(delta): 5.7306
35 (QN/EM) 	Elapsed: 0.01	Loglikelihood: -23460.6	(delta): 8.78768
36 (QN/EM) 	Elapsed: 0.01	Loglikelihood: -23452.4	(delta): 8.14076
37 (QN/EM) 	Elapsed: 0.01	Loglikelihood: -23444.7	(delta): 7.76718
38 (QN/EM) 	Elapsed: 0.01	Loglikelihood: -23307.7	(delta): 137.029
39 (QN/EM) 	Elapsed: 0.011	Loglikelihood: -23300.3	(delta): 7.38269
40 (QN/EM) 	Elapsed: 0.01	Loglikelihood: -23293	(delta): 7.22309
41 (QN/EM) 	Elapsed: 0.01	Loglikelihood: -23281.5	(delta): 11.5873
42 (QN/EM) 	Elapsed: 0.01	Loglikelihood: -23273.4	(delta): 8.0521
43 (QN/EM) 	Elapsed: 0.01	Loglikelihood: -23264.4	(delta): 9.00246
44 (QN/EM) 	Elapsed: 0.009	Loglikelihood: -23243	(delta): 21.4329
45 (QN/EM) 	Elapsed: 0.01	Loglikelihood: -23219	(delta): 23.9712
46 (QN/EM) 	Elapsed: 0.01	Loglikelihood: -23215.3	(delta): 3.6613
47 (QN/EM) 	Elapsed: 0.011	Loglikelihood: -23213.5	(delta): 1.85104
48 (QN/EM) 	Elapsed: 0.01	Loglikelihood: -23205.8	(delta): 7.70044
49 (QN/EM) 	Elapsed: 0.011	Loglikelihood: -23202.2	(delta): 3.54689
50 (QN/EM) 	Elapsed: 0.011	Loglikelihood: -23200.7	(delta): 1.54827
51 (QN/EM) 	Elapsed: 0.01	Loglikelihood: -23191.3	(delta): 9.36821
52 (QN/EM) 	Elapsed: 0.01	Loglikelihood: -23186.4	(delta): 4.90596
53 (QN/EM) 	Elapsed: 0.01	Loglikelihood: -23179.5	(delta): 6.88986
54 (QN/EM) 	Elapsed: 0.01	Loglikelihood: -23174.6	(delta): 4.96166
55 (QN/EM) 	Elapsed: 0.01	Loglikelihood: -23173.8	(delta): 0.74282
56 (QN/EM) 	Elapsed: 0.011	Loglikelihood: -23173.5	(delta): 0.34549
57 (QN/EM) 	Elapsed: 0.009	Loglikelihood: -23172.9	(delta): 0.559925
58 (QN/EM) 	Elapsed: 0.01	Loglikelihood: -23172.7	(delta): 0.23499
59 (QN/EM) 	Elapsed: 0.01	Loglikelihood: -23172.4	(delta): 0.249258
60 (QN/EM) 	Elapsed: 0.01	Loglikelihood: -23171.3	(delta): 1.15878
61 (QN/EM) 	Elapsed: 0.011	Loglikelihood: -23169.4	(delta): 1.85372
62 (QN/EM) 	Elapsed: 0.011	Loglikelihood: -23168.5	(delta): 0.941074
63 (QN/EM) 	Elapsed: 0.01	Loglikelihood: -23168.1	(delta): 0.432129
64 (QN/EM) 	Elapsed: 0.01	Loglikelihood: -23167.7	(delta): 0.379555
65 (QN/EM) 	Elapsed: 0.01	Loglikelihood: -23167.5	(delta): 0.147807
66 (QN/EM) 	Elapsed: 0.011	Loglikelihood: -23167.5	(delta): 0.055029
67 (QN/EM) 	Elapsed: 0.01	Loglikelihood: -23167.4	(delta): 0.0653269
68 (QN/EM) 	Elapsed: 0.011	Loglikelihood: -23167.2	(delta): 0.157335
69 (QN/EM) 	Elapsed: 0.011	Loglikelihood: -23167.2	(delta): 0.0689736
70 (QN/EM) 	Elapsed: 0.011	Loglikelihood: -23167.1	(delta): 0.0415527
71 (QN/EM) 	Elapsed: 0.01	Loglikelihood: -23166.4	(delta): 0.708486
72 (QN/EM) 	Elapsed: 0.01	Loglikelihood: -23166.4	(delta): 0.031867
73 (QN/EM) 	Elapsed: 0.01	Loglikelihood: -23166.2	(delta): 0.213045
74 (QN/EM) 	Elapsed: 0.009	Loglikelihood: -23166	(delta): 0.159053
75 (QN/EM) 	Elapsed: 0.01	Loglikelihood: -23165.7	(delta): 0.298987
76 (QN/EM) 	Elapsed: 0.01	Loglikelihood: -23165.7	(delta): 0.0583448
77 (QN/EM) 	Elapsed: 0.01	Loglikelihood: -23165.4	(delta): 0.310037
78 (QN/EM) 	Elapsed: 0.01	Loglikelihood: -23165.3	(delta): 0.0443143
79 (QN/EM) 	Elapsed: 0.011	Loglikelihood: -23165.3	(delta): 0.011935
80 (QN/EM) 	Elapsed: 0.01	Loglikelihood: -23165.2	(delta): 0.0755366
81 (QN/EM) 	Elapsed: 0.01	Loglikelihood: -23165	(delta): 0.215228
82 (QN/EM) 	Elapsed: 0.01	Loglikelihood: -23164.8	(delta): 0.173714
83 (QN/EM) 	Elapsed: 0.01	Loglikelihood: -23164.8	(delta): 0.0673472
84 (QN/EM) 	Elapsed: 0.01	Loglikelihood: -23164.7	(delta): 0.0431085
85 (QN/EM) 	Elapsed: 0.01	Loglikelihood: -23164.7	(delta): 0.0140196
86 (QN/EM) 	Elapsed: 0.011	Loglikelihood: -23164.7	(delta): 0.00581076
87 (QN/EM) 	Elapsed: 0.01	Loglikelihood: -23164.7	(delta): 0.0464645
88 (QN/EM) 	Elapsed: 0.011	Loglikelihood: -23164.4	(delta): 0.212284
89 (QN/EM) 	Elapsed: 0.011	Loglikelihood: -23164.4	(delta): 0.00922401
90 (QN/EM) 	Elapsed: 0.01	Loglikelihood: -23164.4	(delta): 0.0307787
91 (QN/EM) 	Elapsed: 0.01	Loglikelihood: -23164.3	(delta): 0.0584738
92 (QN/EM) 	Elapsed: 0.01	Loglikelihood: -23164.3	(delta): 0.0237234
93 (QN/EM) 	Elapsed: 0.01	Loglikelihood: -23164.3	(delta): 0.00947056
94 (QN/EM) 	Elapsed: 0.01	Loglikelihood: -23164.3	(delta): 0.0234909
95 (QN/EM) 	Elapsed: 0.01	Loglikelihood: -23164.3	(delta): 0.00434666
96 (QN/EM) 	Elapsed: 0.01	Loglikelihood: -23164.3	(delta): 0.0133693
97 (QN/EM) 	Elapsed: 0.009	Loglikelihood: -23164.2	(delta): 0.0483479
98 (QN/EM) 	Elapsed: 0.009	Loglikelihood: -23164	(delta): 0.215623
99 (QN/EM) 	Elapsed: 0.01	Loglikelihood: -23164	(delta): 0.00728568
100 (QN/EM) 	Elapsed: 0.01	Loglikelihood: -23164	(delta): 0.00558125
101 (QN/EM) 	Elapsed: 0.01	Loglikelihood: -23164	(delta): 0.00583999
102 (QN/EM) 	Elapsed: 0.01	Loglikelihood: -23164	(delta): 0.016831
103 (QN/EM) 	Elapsed: 0.01	Loglikelihood: -23164	(delta): 0.01065
104 (QN/EM) 	Elapsed: 0.01	Loglikelihood: -23164	(delta): 0.00409936
105 (QN/EM) 	Elapsed: 0.01	Loglikelihood: -23164	(delta): 0.00447525
106 (QN/EM) 	Elapsed: 0.01	Loglikelihood: -23163.9	(delta): 0.00783343
107 (QN/EM) 	Elapsed: 0.01	Loglikelihood: -23163.9	(delta): 0.00531153
108 (QN/EM) 	Elapsed: 0.01	Loglikelihood: -23163.9	(delta): 0.00404258
109 (QN/EM) 	Elapsed: 0.01	Loglikelihood: -23163.9	(delta): 0.00380995
110 (QN/EM) 	Elapsed: 0.01	Loglikelihood: -23163.9	(delta): 0.00558134
111 (QN/EM) 	Elapsed: 0.01	Loglikelihood: -23163.9	(delta): 0.00409348
112 (QN/EM) 	Elapsed: 0.009	Loglikelihood: -23163.9	(delta): 0.00323129
113 (QN/EM) 	Elapsed: 0.009	Loglikelihood: -23163.9	(delta): 0.00287855
114 (QN/EM) 	Elapsed: 0.01	Loglikelihood: -23163.9	(delta): 0.00580075
115 (QN/EM) 	Elapsed: 0.01	Loglikelihood: -23163.9	(delta): 0.0024628
116 (QN/EM) 	Elapsed: 0.01	Loglikelihood: -23163.9	(delta): 0.00298036
117 (QN/EM) 	Elapsed: 0.01	Loglikelihood: -23163.9	(delta): 0.00277262
118 (QN/EM) 	Elapsed: 0.01	Loglikelihood: -23163.9	(delta): 0.00431764
119 (QN/EM) 	Elapsed: 0.01	Loglikelihood: -23163.9	(delta): 0.00249731
120 (QN/EM) 	Elapsed: 0.01	Loglikelihood: -23163.9	(delta): 0.00184072
121 (QN/EM) 	Elapsed: 0.01	Loglikelihood: -23163.9	(delta): 0.00253373
122 (QN/EM) 	Elapsed: 0.01	Loglikelihood: -23163.9	(delta): 0.00419995
123 (QN/EM) 	Elapsed: 0.01	Loglikelihood: -23163.9	(delta): 0.00188873
124 (QN/EM) 	Elapsed: 0.01	Loglikelihood: -23163.9	(delta): 0.00180772
125 (QN/EM) 	Elapsed: 0.01	Loglikelihood: -23163.9	(delta): 0.00175394
126 (QN/EM) 	Elapsed: 0.009	Loglikelihood: -23163.9	(delta): 0.00410602
127 (QN/EM) 	Elapsed: 0.009	Loglikelihood: -23163.9	(delta): 0.00156975
128 (QN/EM) 	Elapsed: 0.009	Loglikelihood: -23163.9	(delta): 0.00119589
129 (QN/EM) 	Elapsed: 0.01	Loglikelihood: -23163.9	(delta): 0.0017731
130 (QN/EM) 	Elapsed: 0.01	Loglikelihood: -23163.9	(delta): 0.00278801
131 (QN/EM) 	Elapsed: 0.01	Loglikelihood: -23163.9	(delta): 0.00194409
132 (QN/EM) 	Elapsed: 0.01	Loglikelihood: -23163.9	(delta): 0.000837203
133 (QN/EM) 	Elapsed: 0.01	Loglikelihood: -23163.9	(delta): 0.00144969
134 (QN/EM) 	Elapsed: 0.01	Loglikelihood: -23163.9	(delta): 0.00296683
135 (QN/EM) 	Elapsed: 0.01	Loglikelihood: -23163.9	(delta): 0.00146784
136 (QN/EM) 	Elapsed: 0.01	Loglikelihood: -23163.9	(delta): 0.000798406
137 (QN/EM) 	Elapsed: 0.01	Loglikelihood: -23163.9	(delta): 0.000867929
138 (QN/EM) 	Elapsed: 0.01	Loglikelihood: -23163.9	(delta): 0.00299443
139 (QN/EM) 	Elapsed: 0.01	Loglikelihood: -23163.9	(delta): 0.00134905
140 (QN/EM) 	Elapsed: 0.01	Loglikelihood: -23163.9	(delta): 0.000770611
141 (QN/EM) 	Elapsed: 0.01	Loglikelihood: -23163.9	(delta): 0.000626983
142 (QN/EM) 	Elapsed: 0.009	Loglikelihood: -23163.9	(delta): 0.00164637
143 (QN/EM) 	Elapsed: 0.009	Loglikelihood: -23163.9	(delta): 0.00173182
144 (QN/EM) 	Elapsed: 0.01	Loglikelihood: -23163.9	(delta): 0.000594549
145 (QN/EM) 	Elapsed: 0.01	Loglikelihood: -23163.8	(delta): 0.000594169
146 (QN/EM) 	Elapsed: 0.01	Loglikelihood: -23163.8	(delta): 0.00109183
147 (QN/EM) 	Elapsed: 0.01	Loglikelihood: -23163.8	(delta): 0.00164182
148 (QN/EM) 	Elapsed: 0.01	Loglikelihood: -23163.8	(delta): 0.000516916
149 (QN/EM) 	Elapsed: 0.01	Loglikelihood: -23163.8	(delta): 0.000525931
150 (QN/EM) 	Elapsed: 0.01	Loglikelihood: -23163.8	(delta): 0.000768356
151 (QN/EM) 	Elapsed: 0.01	Loglikelihood: -23163.8	(delta): 0.00141063
152 (QN/EM) 	Elapsed: 0.01	Loglikelihood: -23163.8	(delta): 0.00049179
153 (QN/EM) 	Elapsed: 0.01	Loglikelihood: -23163.8	(delta): 0.000476431
154 (QN/EM) 	Elapsed: 0.01	Loglikelihood: -23163.8	(delta): 0.000580021
155 (QN/EM) 	Elapsed: 0.01	Loglikelihood: -23163.8	(delta): 0.00133935
156 (QN/EM) 	Elapsed: 0.01	Loglikelihood: -23163.8	(delta): 0.000448003
157 (QN/EM) 	Elapsed: 0.01	Loglikelihood: -23163.8	(delta): 0.000426221
158 (QN/EM) 	Elapsed: 0.01	Loglikelihood: -23163.8	(delta): 0.000486268
159 (QN/EM) 	Elapsed: 0.01	Loglikelihood: -23163.8	(delta): 0.00124331
160 (QN/EM) 	Elapsed: 0.009	Loglikelihood: -23163.8	(delta): 0.000412211
161 (QN/EM) 	Elapsed: 0.009	Loglikelihood: -23163.8	(delta): 0.000369708
162 (QN/EM) 	Elapsed: 0.01	Loglikelihood: -23163.8	(delta): 0.000439863
163 (QN/EM) 	Elapsed: 0.01	Loglikelihood: -23163.8	(delta): 0.00108906
164 (QN/EM) 	Elapsed: 0.01	Loglikelihood: -23163.8	(delta): 0.000392527
165 (QN/EM) 	Elapsed: 0.01	Loglikelihood: -23163.8	(delta): 0.000317814
166 (QN/EM) 	Elapsed: 0.01	Loglikelihood: -23163.8	(delta): 0.000401099
167 (QN/EM) 	Elapsed: 0.01	Loglikelihood: -23163.8	(delta): 0.000969057
168 (QN/EM) 	Elapsed: 0.01	Loglikelihood: -23163.8	(delta): 0.000370518
169 (QN/EM) 	Elapsed: 0.01	Loglikelihood: -23163.8	(delta): 0.000278194
170 (QN/EM) 	Elapsed: 0.01	Loglikelihood: -23163.8	(delta): 0.000356998
171 (QN/EM) 	Elapsed: 0.01	Loglikelihood: -23163.8	(delta): 0.000903313
172 (QN/EM) 	Elapsed: 0.01	Loglikelihood: -23163.8	(delta): 0.000339034
173 (QN/EM) 	Elapsed: 0.01	Loglikelihood: -23163.8	(delta): 0.000246414
174 (QN/EM) 	Elapsed: 0.01	Loglikelihood: -23163.8	(delta): 0.000318244
175 (QN/EM) 	Elapsed: 0.01	Loglikelihood: -23163.8	(delta): 0.00084469
176 (QN/EM) 	Elapsed: 0.01	Loglikelihood: -23163.8	(delta): 0.00030922
177 (QN/EM) 	Elapsed: 0.01	Loglikelihood: -23163.8	(delta): 0.000217662
178 (QN/EM) 	Elapsed: 0.01	Loglikelihood: -23163.8	(delta): 0.000287687
179 (QN/EM) 	Elapsed: 0.01	Loglikelihood: -23163.8	(delta): 0.000782869
180 (QN/EM) 	Elapsed: 0.01	Loglikelihood: -23163.8	(delta): 0.000283709
181 (QN/EM) 	Elapsed: 0.01	Loglikelihood: -23163.8	(delta): 0.000192652
182 (QN/EM) 	Elapsed: 0.01	Loglikelihood: -23163.8	(delta): 0.000260238
183 (QN/EM) 	Elapsed: 0.01	Loglikelihood: -23163.8	(delta): 0.000730022
184 (QN/EM) 	Elapsed: 0.01	Loglikelihood: -23163.8	(delta): 0.000259226
185 (QN/EM) 	Elapsed: 0.009	Loglikelihood: -23163.8	(delta): 0.000171428
186 (QN/EM) 	Elapsed: 0.009	Loglikelihood: -23163.8	(delta): 0.000234643
187 (QN/EM) 	Elapsed: 0.01	Loglikelihood: -23163.8	(delta): 0.000684574
188 (QN/EM) 	Elapsed: 0.01	Loglikelihood: -23163.8	(delta): 0.000235881
189 (QN/EM) 	Elapsed: 0.01	Loglikelihood: -23163.8	(delta): 0.000152885
190 (QN/EM) 	Elapsed: 0.01	Loglikelihood: -23163.8	(delta): 0.000211843
191 (QN/EM) 	Elapsed: 0.01	Loglikelihood: -23163.8	(delta): 0.000640642
192 (QN/EM) 	Elapsed: 0.01	Loglikelihood: -23163.8	(delta): 0.000214606
193 (QN/EM) 	Elapsed: 0.01	Loglikelihood: -23163.8	(delta): 0.000136576
194 (QN/EM) 	Elapsed: 0.01	Loglikelihood: -23163.8	(delta): 0.000191575
195 (QN/EM) 	Elapsed: 0.01	Loglikelihood: -23163.8	(delta): 0.000598664
196 (QN/EM) 	Elapsed: 0.01	Loglikelihood: -23163.8	(delta): 0.000194979
197 (QN/EM) 	Elapsed: 0.01	Loglikelihood: -23163.8	(delta): 0.000122379
198 (QN/EM) 	Elapsed: 0.009	Loglikelihood: -23163.8	(delta): 0.000173229
199 (QN/EM) 	Elapsed: 0.01	Loglikelihood: -23163.8	(delta): 0.000559974
200 (QN/EM) 	Elapsed: 0.01	Loglikelihood: -23163.8	(delta): 0.00017664
201 (QN/EM) 	Elapsed: 0.01	Loglikelihood: -23163.8	(delta): 0.000109992
202 (QN/EM) 	Elapsed: 0.01	Loglikelihood: -23163.8	(delta): 0.000156655
203 (QN/EM) 	Elapsed: 0.01	Loglikelihood: -23163.8	(delta): 0.000523941
204 (QN/EM) 	Elapsed: 0.01	Loglikelihood: -23163.8	(delta): 0.000159736
205 (QN/EM) 	Elapsed: 0.01	Loglikelihood: -23163.8	(delta): 9.91113e-05
Summary: 
Converged in 205 iterations (2.231 sec)
Loglikelihood: -23163.821196
Fst divergences between estimated populations: 
	Pop0	Pop1	Pop2	
Pop0	
Pop1	0.365	
Pop2	0.417	0.244	
Pop3	0.370	0.209	0.360	
CV error (K=4): 0.22248
Writing output files.
