PLINK v1.90b6.21 64-bit (19 Oct 2020)
Options in effect:
  --allow-extra-chr
  --double-id
  --make-bed
  --out binary_fileset
  --vcf /home/d669d153/work/zosterops.rad/admixture/all.samps/filtered.unlinked.snps.vcf

Hostname: r09r16n01
Working directory: /panfs/pfs.local/work/bi/d669d153/zosterops.rad/admixture/all.samps
Start time: Mon May  1 10:52:10 2023

Random number seed: 1682956330
128845 MB RAM detected; reserving 64422 MB for main workspace.
--vcf: binary_fileset-temporary.bed + binary_fileset-temporary.bim +
binary_fileset-temporary.fam written.
1554 variants loaded from .bim file.
124 people (0 males, 0 females, 124 ambiguous) loaded from .fam.
Ambiguous sex IDs written to binary_fileset.nosex .
Using 1 thread (no multithreaded calculations invoked).
Before main variant filters, 124 founders and 0 nonfounders present.
Calculating allele frequencies... done.
Total genotyping rate is 0.944778.
1554 variants and 124 people pass filters and QC.
Note: No phenotypes present.
--make-bed to binary_fileset.bed + binary_fileset.bim + binary_fileset.fam ...
done.

End time: Mon May  1 10:52:10 2023
