****                   ADMIXTURE Version 1.3.0                  ****
****                    Copyright 2008-2015                     ****
****           David Alexander, Suyash Shringarpure,            ****
****                John  Novembre, Ken Lange                   ****
****                                                            ****
****                 Please cite our paper!                     ****
****   Information at www.genetics.ucla.edu/software/admixture  ****

Cross-validation will be performed.  Folds=5.
Parallel execution requested.  Will use 5 threads.
Random seed: 43
Point estimation method: EM algorithm
Convergence acceleration algorithm: QuasiNewton, 3 secant conditions
Point estimation will terminate when objective function delta < 0.0001
Estimation of standard errors disabled; will compute point estimates only.
Size of G: 124x1554
Performing five EM steps to prime main algorithm
1 (EM) 	Elapsed: 0.048	Loglikelihood: -47108.9	(delta): 218450
2 (EM) 	Elapsed: 0.039	Loglikelihood: -41859.4	(delta): 5249.48
3 (EM) 	Elapsed: 0.034	Loglikelihood: -40884.2	(delta): 975.192
4 (EM) 	Elapsed: 0.032	Loglikelihood: -40242.3	(delta): 641.943
5 (EM) 	Elapsed: 0.032	Loglikelihood: -39678	(delta): 564.316
Initial loglikelihood: -39678
Starting main algorithm
1 (QN/EM) 	Elapsed: 0.069	Loglikelihood: -38581	(delta): 1097
2 (QN/EM) 	Elapsed: 0.068	Loglikelihood: -37414.2	(delta): 1166.75
3 (QN/EM) 	Elapsed: 0.071	Loglikelihood: -32991.6	(delta): 4422.61
4 (QN/EM) 	Elapsed: 0.073	Loglikelihood: -31762.3	(delta): 1229.28
5 (QN/EM) 	Elapsed: 0.071	Loglikelihood: -26858.8	(delta): 4903.51
6 (QN/EM) 	Elapsed: 0.073	Loglikelihood: -24840	(delta): 2018.79
7 (QN/EM) 	Elapsed: 0.073	Loglikelihood: -24304.2	(delta): 535.792
8 (QN/EM) 	Elapsed: 0.071	Loglikelihood: -23686.1	(delta): 618.114
9 (QN/EM) 	Elapsed: 0.071	Loglikelihood: -22490.7	(delta): 1195.42
10 (QN/EM) 	Elapsed: 0.072	Loglikelihood: -21210.4	(delta): 1280.29
11 (QN/EM) 	Elapsed: 0.07	Loglikelihood: -20591.4	(delta): 619.016
12 (QN/EM) 	Elapsed: 0.071	Loglikelihood: -20189.8	(delta): 401.61
13 (QN/EM) 	Elapsed: 0.07	Loglikelihood: -19936.4	(delta): 253.355
14 (QN/EM) 	Elapsed: 0.07	Loglikelihood: -19552.2	(delta): 384.207
15 (QN/EM) 	Elapsed: 0.07	Loglikelihood: -19274.8	(delta): 277.417
16 (QN/EM) 	Elapsed: 0.07	Loglikelihood: -19027.3	(delta): 247.508
17 (QN/EM) 	Elapsed: 0.07	Loglikelihood: -18881.2	(delta): 146.073
18 (QN/EM) 	Elapsed: 0.07	Loglikelihood: -18689.7	(delta): 191.54
19 (QN/EM) 	Elapsed: 0.07	Loglikelihood: -18564.3	(delta): 125.354
20 (QN/EM) 	Elapsed: 0.07	Loglikelihood: -18334.5	(delta): 229.813
21 (QN/EM) 	Elapsed: 0.07	Loglikelihood: -18138.8	(delta): 195.657
22 (QN/EM) 	Elapsed: 0.07	Loglikelihood: -18026.8	(delta): 112.083
23 (QN/EM) 	Elapsed: 0.07	Loglikelihood: -17966.6	(delta): 60.1172
24 (QN/EM) 	Elapsed: 0.072	Loglikelihood: -17926	(delta): 40.6313
25 (QN/EM) 	Elapsed: 0.07	Loglikelihood: -17862.6	(delta): 63.4167
26 (QN/EM) 	Elapsed: 0.071	Loglikelihood: -17812.6	(delta): 50.0186
27 (QN/EM) 	Elapsed: 0.07	Loglikelihood: -17692.5	(delta): 120.068
28 (QN/EM) 	Elapsed: 0.07	Loglikelihood: -17623.3	(delta): 69.2101
29 (QN/EM) 	Elapsed: 0.07	Loglikelihood: -17599.6	(delta): 23.6703
30 (QN/EM) 	Elapsed: 0.07	Loglikelihood: -17575.5	(delta): 24.1284
31 (QN/EM) 	Elapsed: 0.072	Loglikelihood: -17559.5	(delta): 15.9684
32 (QN/EM) 	Elapsed: 0.07	Loglikelihood: -17515.9	(delta): 43.6285
33 (QN/EM) 	Elapsed: 0.07	Loglikelihood: -17474.5	(delta): 41.4208
34 (QN/EM) 	Elapsed: 0.07	Loglikelihood: -17422.2	(delta): 52.2741
35 (QN/EM) 	Elapsed: 0.072	Loglikelihood: -17411.9	(delta): 10.3002
36 (QN/EM) 	Elapsed: 0.07	Loglikelihood: -17380.9	(delta): 31.0141
37 (QN/EM) 	Elapsed: 0.072	Loglikelihood: -17374.1	(delta): 6.79492
38 (QN/EM) 	Elapsed: 0.072	Loglikelihood: -17367.4	(delta): 6.65716
39 (QN/EM) 	Elapsed: 0.072	Loglikelihood: -17361	(delta): 6.47239
40 (QN/EM) 	Elapsed: 0.073	Loglikelihood: -17354.8	(delta): 6.13871
41 (QN/EM) 	Elapsed: 0.072	Loglikelihood: -17349	(delta): 5.8528
42 (QN/EM) 	Elapsed: 0.07	Loglikelihood: -17329.1	(delta): 19.861
43 (QN/EM) 	Elapsed: 0.072	Loglikelihood: -17244.7	(delta): 84.4681
44 (QN/EM) 	Elapsed: 0.07	Loglikelihood: -17173.5	(delta): 71.1353
45 (QN/EM) 	Elapsed: 0.07	Loglikelihood: -17158.6	(delta): 14.891
46 (QN/EM) 	Elapsed: 0.07	Loglikelihood: -17154.6	(delta): 4.0592
47 (QN/EM) 	Elapsed: 0.07	Loglikelihood: -17149.3	(delta): 5.21982
48 (QN/EM) 	Elapsed: 0.072	Loglikelihood: -17146.8	(delta): 2.56835
49 (QN/EM) 	Elapsed: 0.071	Loglikelihood: -17136.4	(delta): 10.364
50 (QN/EM) 	Elapsed: 0.07	Loglikelihood: -17125.4	(delta): 11.0097
51 (QN/EM) 	Elapsed: 0.071	Loglikelihood: -17107.4	(delta): 18.0023
52 (QN/EM) 	Elapsed: 0.07	Loglikelihood: -17071.8	(delta): 35.5659
53 (QN/EM) 	Elapsed: 0.07	Loglikelihood: -17064.7	(delta): 7.0892
54 (QN/EM) 	Elapsed: 0.07	Loglikelihood: -17060.7	(delta): 4.07934
55 (QN/EM) 	Elapsed: 0.072	Loglikelihood: -17053.9	(delta): 6.8115
56 (QN/EM) 	Elapsed: 0.07	Loglikelihood: -17051.2	(delta): 2.65005
57 (QN/EM) 	Elapsed: 0.07	Loglikelihood: -17019.2	(delta): 32.0443
58 (QN/EM) 	Elapsed: 0.07	Loglikelihood: -16991.4	(delta): 27.7755
59 (QN/EM) 	Elapsed: 0.071	Loglikelihood: -16979.2	(delta): 12.1602
60 (QN/EM) 	Elapsed: 0.072	Loglikelihood: -16970.3	(delta): 8.94179
61 (QN/EM) 	Elapsed: 0.07	Loglikelihood: -16965.6	(delta): 4.64636
62 (QN/EM) 	Elapsed: 0.07	Loglikelihood: -16963.3	(delta): 2.3684
63 (QN/EM) 	Elapsed: 0.07	Loglikelihood: -16960.6	(delta): 2.66486
64 (QN/EM) 	Elapsed: 0.07	Loglikelihood: -16958.5	(delta): 2.08155
65 (QN/EM) 	Elapsed: 0.07	Loglikelihood: -16950.8	(delta): 7.70342
66 (QN/EM) 	Elapsed: 0.07	Loglikelihood: -16943.8	(delta): 7.05712
67 (QN/EM) 	Elapsed: 0.07	Loglikelihood: -16937.1	(delta): 6.69502
68 (QN/EM) 	Elapsed: 0.07	Loglikelihood: -16934	(delta): 3.10942
69 (QN/EM) 	Elapsed: 0.07	Loglikelihood: -16925.9	(delta): 8.06671
70 (QN/EM) 	Elapsed: 0.07	Loglikelihood: -16920.5	(delta): 5.39279
71 (QN/EM) 	Elapsed: 0.07	Loglikelihood: -16916.6	(delta): 3.93105
72 (QN/EM) 	Elapsed: 0.07	Loglikelihood: -16914	(delta): 2.52921
73 (QN/EM) 	Elapsed: 0.07	Loglikelihood: -16902.2	(delta): 11.8499
74 (QN/EM) 	Elapsed: 0.07	Loglikelihood: -16896.4	(delta): 5.79288
75 (QN/EM) 	Elapsed: 0.07	Loglikelihood: -16888.2	(delta): 8.1731
76 (QN/EM) 	Elapsed: 0.071	Loglikelihood: -16887.2	(delta): 1.01266
77 (QN/EM) 	Elapsed: 0.07	Loglikelihood: -16880.8	(delta): 6.36333
78 (QN/EM) 	Elapsed: 0.07	Loglikelihood: -16878.7	(delta): 2.13922
79 (QN/EM) 	Elapsed: 0.072	Loglikelihood: -16877.4	(delta): 1.26993
80 (QN/EM) 	Elapsed: 0.07	Loglikelihood: -16874.2	(delta): 3.23628
81 (QN/EM) 	Elapsed: 0.072	Loglikelihood: -16872.5	(delta): 1.73069
82 (QN/EM) 	Elapsed: 0.072	Loglikelihood: -16870.6	(delta): 1.83563
83 (QN/EM) 	Elapsed: 0.072	Loglikelihood: -16868.4	(delta): 2.28039
84 (QN/EM) 	Elapsed: 0.072	Loglikelihood: -16865.6	(delta): 2.79588
85 (QN/EM) 	Elapsed: 0.07	Loglikelihood: -16854.2	(delta): 11.3244
86 (QN/EM) 	Elapsed: 0.072	Loglikelihood: -16852.2	(delta): 1.98425
87 (QN/EM) 	Elapsed: 0.07	Loglikelihood: -16827.7	(delta): 24.5152
88 (QN/EM) 	Elapsed: 0.07	Loglikelihood: -16815.3	(delta): 12.4691
89 (QN/EM) 	Elapsed: 0.071	Loglikelihood: -16807	(delta): 8.2554
90 (QN/EM) 	Elapsed: 0.071	Loglikelihood: -16806.1	(delta): 0.892258
91 (QN/EM) 	Elapsed: 0.072	Loglikelihood: -16805	(delta): 1.11614
92 (QN/EM) 	Elapsed: 0.072	Loglikelihood: -16804.1	(delta): 0.945525
93 (QN/EM) 	Elapsed: 0.072	Loglikelihood: -16802.7	(delta): 1.32502
94 (QN/EM) 	Elapsed: 0.072	Loglikelihood: -16801.3	(delta): 1.39803
95 (QN/EM) 	Elapsed: 0.073	Loglikelihood: -16801	(delta): 0.373758
96 (QN/EM) 	Elapsed: 0.072	Loglikelihood: -16798.3	(delta): 2.67253
97 (QN/EM) 	Elapsed: 0.072	Loglikelihood: -16793.1	(delta): 5.2226
98 (QN/EM) 	Elapsed: 0.072	Loglikelihood: -16792.6	(delta): 0.475478
99 (QN/EM) 	Elapsed: 0.072	Loglikelihood: -16792	(delta): 0.543368
100 (QN/EM) 	Elapsed: 0.072	Loglikelihood: -16789.5	(delta): 2.5029
101 (QN/EM) 	Elapsed: 0.071	Loglikelihood: -16784.8	(delta): 4.70633
102 (QN/EM) 	Elapsed: 0.072	Loglikelihood: -16782.9	(delta): 1.9335
103 (QN/EM) 	Elapsed: 0.072	Loglikelihood: -16781.3	(delta): 1.62503
104 (QN/EM) 	Elapsed: 0.07	Loglikelihood: -16774.5	(delta): 6.77466
105 (QN/EM) 	Elapsed: 0.07	Loglikelihood: -16771.2	(delta): 3.27546
106 (QN/EM) 	Elapsed: 0.072	Loglikelihood: -16768.9	(delta): 2.33954
107 (QN/EM) 	Elapsed: 0.07	Loglikelihood: -16760.8	(delta): 8.07054
108 (QN/EM) 	Elapsed: 0.07	Loglikelihood: -16755.1	(delta): 5.68622
109 (QN/EM) 	Elapsed: 0.07	Loglikelihood: -16750.9	(delta): 4.25226
110 (QN/EM) 	Elapsed: 0.07	Loglikelihood: -16746.2	(delta): 4.6705
111 (QN/EM) 	Elapsed: 0.072	Loglikelihood: -16744.3	(delta): 1.92155
112 (QN/EM) 	Elapsed: 0.07	Loglikelihood: -16738.7	(delta): 5.59477
113 (QN/EM) 	Elapsed: 0.07	Loglikelihood: -16735	(delta): 3.66816
114 (QN/EM) 	Elapsed: 0.07	Loglikelihood: -16724.5	(delta): 10.5644
115 (QN/EM) 	Elapsed: 0.071	Loglikelihood: -16716.9	(delta): 7.53939
116 (QN/EM) 	Elapsed: 0.07	Loglikelihood: -16697.1	(delta): 19.8242
117 (QN/EM) 	Elapsed: 0.07	Loglikelihood: -16689.8	(delta): 7.30755
118 (QN/EM) 	Elapsed: 0.07	Loglikelihood: -16682.9	(delta): 6.9156
119 (QN/EM) 	Elapsed: 0.07	Loglikelihood: -16678.9	(delta): 3.97432
120 (QN/EM) 	Elapsed: 0.073	Loglikelihood: -16676.1	(delta): 2.84099
121 (QN/EM) 	Elapsed: 0.07	Loglikelihood: -16669.6	(delta): 6.48295
122 (QN/EM) 	Elapsed: 0.07	Loglikelihood: -16666	(delta): 3.56458
123 (QN/EM) 	Elapsed: 0.072	Loglikelihood: -16664.2	(delta): 1.82332
124 (QN/EM) 	Elapsed: 0.072	Loglikelihood: -16662.6	(delta): 1.54241
125 (QN/EM) 	Elapsed: 0.07	Loglikelihood: -16657.3	(delta): 5.30752
126 (QN/EM) 	Elapsed: 0.07	Loglikelihood: -16646.4	(delta): 10.9541
127 (QN/EM) 	Elapsed: 0.07	Loglikelihood: -16636.6	(delta): 9.82067
128 (QN/EM) 	Elapsed: 0.07	Loglikelihood: -16634.1	(delta): 2.45094
129 (QN/EM) 	Elapsed: 0.072	Loglikelihood: -16632.9	(delta): 1.16777
130 (QN/EM) 	Elapsed: 0.072	Loglikelihood: -16631.5	(delta): 1.4241
131 (QN/EM) 	Elapsed: 0.072	Loglikelihood: -16630.7	(delta): 0.77727
132 (QN/EM) 	Elapsed: 0.07	Loglikelihood: -16627.1	(delta): 3.63038
133 (QN/EM) 	Elapsed: 0.07	Loglikelihood: -16616.4	(delta): 10.7255
134 (QN/EM) 	Elapsed: 0.072	Loglikelihood: -16606.1	(delta): 10.2897
135 (QN/EM) 	Elapsed: 0.07	Loglikelihood: -16605.7	(delta): 0.442622
136 (QN/EM) 	Elapsed: 0.072	Loglikelihood: -16605.3	(delta): 0.368085
137 (QN/EM) 	Elapsed: 0.072	Loglikelihood: -16604.8	(delta): 0.528895
138 (QN/EM) 	Elapsed: 0.07	Loglikelihood: -16602.6	(delta): 2.12063
139 (QN/EM) 	Elapsed: 0.072	Loglikelihood: -16593.7	(delta): 8.92627
140 (QN/EM) 	Elapsed: 0.072	Loglikelihood: -16592.2	(delta): 1.5319
141 (QN/EM) 	Elapsed: 0.07	Loglikelihood: -16589.7	(delta): 2.47489
142 (QN/EM) 	Elapsed: 0.072	Loglikelihood: -16588.1	(delta): 1.64787
143 (QN/EM) 	Elapsed: 0.072	Loglikelihood: -16586.7	(delta): 1.33689
144 (QN/EM) 	Elapsed: 0.072	Loglikelihood: -16585.5	(delta): 1.22044
145 (QN/EM) 	Elapsed: 0.07	Loglikelihood: -16582.1	(delta): 3.39858
146 (QN/EM) 	Elapsed: 0.07	Loglikelihood: -16578	(delta): 4.07799
147 (QN/EM) 	Elapsed: 0.072	Loglikelihood: -16576.4	(delta): 1.60288
148 (QN/EM) 	Elapsed: 0.071	Loglikelihood: -16572.1	(delta): 4.30232
149 (QN/EM) 	Elapsed: 0.072	Loglikelihood: -16559.3	(delta): 12.8207
150 (QN/EM) 	Elapsed: 0.072	Loglikelihood: -16557.6	(delta): 1.73339
151 (QN/EM) 	Elapsed: 0.07	Loglikelihood: -16553.3	(delta): 4.22853
152 (QN/EM) 	Elapsed: 0.07	Loglikelihood: -16550.4	(delta): 2.93686
153 (QN/EM) 	Elapsed: 0.07	Loglikelihood: -16545.7	(delta): 4.69918
154 (QN/EM) 	Elapsed: 0.07	Loglikelihood: -16540.1	(delta): 5.59434
155 (QN/EM) 	Elapsed: 0.07	Loglikelihood: -16538.6	(delta): 1.47797
156 (QN/EM) 	Elapsed: 0.072	Loglikelihood: -16537.8	(delta): 0.818513
157 (QN/EM) 	Elapsed: 0.07	Loglikelihood: -16534.6	(delta): 3.1697
158 (QN/EM) 	Elapsed: 0.072	Loglikelihood: -16520.7	(delta): 13.8873
159 (QN/EM) 	Elapsed: 0.072	Loglikelihood: -16519.5	(delta): 1.22597
160 (QN/EM) 	Elapsed: 0.07	Loglikelihood: -16519	(delta): 0.503234
161 (QN/EM) 	Elapsed: 0.072	Loglikelihood: -16518.6	(delta): 0.388625
162 (QN/EM) 	Elapsed: 0.07	Loglikelihood: -16515.7	(delta): 2.90869
163 (QN/EM) 	Elapsed: 0.07	Loglikelihood: -16510.6	(delta): 5.08485
164 (QN/EM) 	Elapsed: 0.072	Loglikelihood: -16510.5	(delta): 0.179346
165 (QN/EM) 	Elapsed: 0.07	Loglikelihood: -16508	(delta): 2.43248
166 (QN/EM) 	Elapsed: 0.072	Loglikelihood: -16507.5	(delta): 0.478258
167 (QN/EM) 	Elapsed: 0.072	Loglikelihood: -16507.1	(delta): 0.490937
168 (QN/EM) 	Elapsed: 0.07	Loglikelihood: -16506.7	(delta): 0.311836
169 (QN/EM) 	Elapsed: 0.071	Loglikelihood: -16506.5	(delta): 0.287344
170 (QN/EM) 	Elapsed: 0.072	Loglikelihood: -16506.2	(delta): 0.225393
171 (QN/EM) 	Elapsed: 0.07	Loglikelihood: -16505.7	(delta): 0.507419
172 (QN/EM) 	Elapsed: 0.07	Loglikelihood: -16505.4	(delta): 0.359252
173 (QN/EM) 	Elapsed: 0.07	Loglikelihood: -16501.3	(delta): 4.03093
174 (QN/EM) 	Elapsed: 0.07	Loglikelihood: -16500.8	(delta): 0.567397
175 (QN/EM) 	Elapsed: 0.07	Loglikelihood: -16499.8	(delta): 0.94219
176 (QN/EM) 	Elapsed: 0.07	Loglikelihood: -16499.7	(delta): 0.103843
177 (QN/EM) 	Elapsed: 0.07	Loglikelihood: -16498.7	(delta): 1.04715
178 (QN/EM) 	Elapsed: 0.07	Loglikelihood: -16497.8	(delta): 0.847665
179 (QN/EM) 	Elapsed: 0.07	Loglikelihood: -16496.1	(delta): 1.70089
180 (QN/EM) 	Elapsed: 0.07	Loglikelihood: -16496.1	(delta): 0.0590325
181 (QN/EM) 	Elapsed: 0.07	Loglikelihood: -16495.9	(delta): 0.152145
182 (QN/EM) 	Elapsed: 0.07	Loglikelihood: -16495.8	(delta): 0.109339
183 (QN/EM) 	Elapsed: 0.07	Loglikelihood: -16494.2	(delta): 1.59594
184 (QN/EM) 	Elapsed: 0.072	Loglikelihood: -16492.2	(delta): 2.01423
185 (QN/EM) 	Elapsed: 0.07	Loglikelihood: -16492	(delta): 0.164275
186 (QN/EM) 	Elapsed: 0.07	Loglikelihood: -16491.5	(delta): 0.502635
187 (QN/EM) 	Elapsed: 0.072	Loglikelihood: -16490.8	(delta): 0.738274
188 (QN/EM) 	Elapsed: 0.072	Loglikelihood: -16490	(delta): 0.743271
189 (QN/EM) 	Elapsed: 0.07	Loglikelihood: -16489.5	(delta): 0.512794
190 (QN/EM) 	Elapsed: 0.072	Loglikelihood: -16489.3	(delta): 0.214823
191 (QN/EM) 	Elapsed: 0.072	Loglikelihood: -16489.2	(delta): 0.0905479
192 (QN/EM) 	Elapsed: 0.07	Loglikelihood: -16488.4	(delta): 0.80055
193 (QN/EM) 	Elapsed: 0.07	Loglikelihood: -16488.2	(delta): 0.235114
194 (QN/EM) 	Elapsed: 0.07	Loglikelihood: -16488.1	(delta): 0.0564438
195 (QN/EM) 	Elapsed: 0.07	Loglikelihood: -16487.7	(delta): 0.412485
196 (QN/EM) 	Elapsed: 0.07	Loglikelihood: -16487.6	(delta): 0.0792815
197 (QN/EM) 	Elapsed: 0.072	Loglikelihood: -16487.6	(delta): 0.0286164
198 (QN/EM) 	Elapsed: 0.072	Loglikelihood: -16487.6	(delta): 0.0280167
199 (QN/EM) 	Elapsed: 0.072	Loglikelihood: -16487.6	(delta): 0.0283371
200 (QN/EM) 	Elapsed: 0.072	Loglikelihood: -16487.5	(delta): 0.0287536
201 (QN/EM) 	Elapsed: 0.072	Loglikelihood: -16487.5	(delta): 0.0291702
202 (QN/EM) 	Elapsed: 0.072	Loglikelihood: -16487.5	(delta): 0.0295519
203 (QN/EM) 	Elapsed: 0.072	Loglikelihood: -16487.4	(delta): 0.0298731
204 (QN/EM) 	Elapsed: 0.072	Loglikelihood: -16487.4	(delta): 0.0301136
205 (QN/EM) 	Elapsed: 0.072	Loglikelihood: -16487.4	(delta): 0.0302593
206 (QN/EM) 	Elapsed: 0.07	Loglikelihood: -16486.7	(delta): 0.656499
207 (QN/EM) 	Elapsed: 0.071	Loglikelihood: -16485.9	(delta): 0.794235
208 (QN/EM) 	Elapsed: 0.072	Loglikelihood: -16485.4	(delta): 0.534213
209 (QN/EM) 	Elapsed: 0.07	Loglikelihood: -16485	(delta): 0.356039
210 (QN/EM) 	Elapsed: 0.072	Loglikelihood: -16484.7	(delta): 0.333368
211 (QN/EM) 	Elapsed: 0.071	Loglikelihood: -16484.4	(delta): 0.320682
212 (QN/EM) 	Elapsed: 0.072	Loglikelihood: -16484.3	(delta): 0.1304
213 (QN/EM) 	Elapsed: 0.072	Loglikelihood: -16484.2	(delta): 0.0378957
214 (QN/EM) 	Elapsed: 0.07	Loglikelihood: -16484	(delta): 0.194523
215 (QN/EM) 	Elapsed: 0.07	Loglikelihood: -16484	(delta): 0.0240043
216 (QN/EM) 	Elapsed: 0.07	Loglikelihood: -16483.8	(delta): 0.16217
217 (QN/EM) 	Elapsed: 0.07	Loglikelihood: -16483.5	(delta): 0.32623
218 (QN/EM) 	Elapsed: 0.07	Loglikelihood: -16483	(delta): 0.517054
219 (QN/EM) 	Elapsed: 0.07	Loglikelihood: -16483	(delta): 0.00629675
220 (QN/EM) 	Elapsed: 0.071	Loglikelihood: -16483	(delta): 0.0330309
221 (QN/EM) 	Elapsed: 0.07	Loglikelihood: -16482.9	(delta): 0.0759038
222 (QN/EM) 	Elapsed: 0.07	Loglikelihood: -16482.8	(delta): 0.0995562
223 (QN/EM) 	Elapsed: 0.07	Loglikelihood: -16482.8	(delta): 0.0121804
224 (QN/EM) 	Elapsed: 0.07	Loglikelihood: -16482.7	(delta): 0.0252388
225 (QN/EM) 	Elapsed: 0.07	Loglikelihood: -16482.7	(delta): 0.0321171
226 (QN/EM) 	Elapsed: 0.07	Loglikelihood: -16482.7	(delta): 0.0525935
227 (QN/EM) 	Elapsed: 0.07	Loglikelihood: -16482.6	(delta): 0.00814728
228 (QN/EM) 	Elapsed: 0.07	Loglikelihood: -16482.5	(delta): 0.150599
229 (QN/EM) 	Elapsed: 0.07	Loglikelihood: -16482.5	(delta): 0.0243101
230 (QN/EM) 	Elapsed: 0.07	Loglikelihood: -16482.4	(delta): 0.0474591
231 (QN/EM) 	Elapsed: 0.072	Loglikelihood: -16482.3	(delta): 0.16711
232 (QN/EM) 	Elapsed: 0.071	Loglikelihood: -16482.2	(delta): 0.0214129
233 (QN/EM) 	Elapsed: 0.07	Loglikelihood: -16482.2	(delta): 0.026934
234 (QN/EM) 	Elapsed: 0.07	Loglikelihood: -16482.1	(delta): 0.0818515
235 (QN/EM) 	Elapsed: 0.073	Loglikelihood: -16482.1	(delta): 0.011265
236 (QN/EM) 	Elapsed: 0.073	Loglikelihood: -16482.1	(delta): 0.0130418
237 (QN/EM) 	Elapsed: 0.072	Loglikelihood: -16482.1	(delta): 0.0158287
238 (QN/EM) 	Elapsed: 0.072	Loglikelihood: -16482.1	(delta): 0.0193807
239 (QN/EM) 	Elapsed: 0.073	Loglikelihood: -16482	(delta): 0.0236483
240 (QN/EM) 	Elapsed: 0.073	Loglikelihood: -16482	(delta): 0.0285194
241 (QN/EM) 	Elapsed: 0.072	Loglikelihood: -16482	(delta): 0.0337718
242 (QN/EM) 	Elapsed: 0.072	Loglikelihood: -16481.9	(delta): 0.0390733
243 (QN/EM) 	Elapsed: 0.072	Loglikelihood: -16481.9	(delta): 0.0440355
244 (QN/EM) 	Elapsed: 0.072	Loglikelihood: -16481.9	(delta): 0.0483069
245 (QN/EM) 	Elapsed: 0.073	Loglikelihood: -16481.8	(delta): 0.0516476
246 (QN/EM) 	Elapsed: 0.072	Loglikelihood: -16481.7	(delta): 0.0539567
247 (QN/EM) 	Elapsed: 0.073	Loglikelihood: -16481.7	(delta): 0.0552492
248 (QN/EM) 	Elapsed: 0.072	Loglikelihood: -16481.6	(delta): 0.0556126
249 (QN/EM) 	Elapsed: 0.072	Loglikelihood: -16481.6	(delta): 0.0551688
250 (QN/EM) 	Elapsed: 0.073	Loglikelihood: -16481.5	(delta): 0.0540594
251 (QN/EM) 	Elapsed: 0.071	Loglikelihood: -16479.9	(delta): 1.59553
252 (QN/EM) 	Elapsed: 0.071	Loglikelihood: -16479.1	(delta): 0.809159
253 (QN/EM) 	Elapsed: 0.072	Loglikelihood: -16478.8	(delta): 0.345149
254 (QN/EM) 	Elapsed: 0.071	Loglikelihood: -16478.4	(delta): 0.365221
255 (QN/EM) 	Elapsed: 0.07	Loglikelihood: -16478.2	(delta): 0.219597
256 (QN/EM) 	Elapsed: 0.072	Loglikelihood: -16478.2	(delta): 0.0360558
257 (QN/EM) 	Elapsed: 0.07	Loglikelihood: -16477	(delta): 1.13583
258 (QN/EM) 	Elapsed: 0.07	Loglikelihood: -16476.7	(delta): 0.31671
259 (QN/EM) 	Elapsed: 0.07	Loglikelihood: -16476.4	(delta): 0.346955
260 (QN/EM) 	Elapsed: 0.07	Loglikelihood: -16476.3	(delta): 0.0158289
261 (QN/EM) 	Elapsed: 0.07	Loglikelihood: -16475.6	(delta): 0.734455
262 (QN/EM) 	Elapsed: 0.071	Loglikelihood: -16475.5	(delta): 0.123999
263 (QN/EM) 	Elapsed: 0.07	Loglikelihood: -16475.3	(delta): 0.140432
264 (QN/EM) 	Elapsed: 0.072	Loglikelihood: -16475.3	(delta): 0.0716284
265 (QN/EM) 	Elapsed: 0.07	Loglikelihood: -16475.2	(delta): 0.0727701
266 (QN/EM) 	Elapsed: 0.07	Loglikelihood: -16475.2	(delta): 0.0139957
267 (QN/EM) 	Elapsed: 0.07	Loglikelihood: -16475.1	(delta): 0.0489357
268 (QN/EM) 	Elapsed: 0.07	Loglikelihood: -16475.1	(delta): 0.0157681
269 (QN/EM) 	Elapsed: 0.07	Loglikelihood: -16475	(delta): 0.0909745
270 (QN/EM) 	Elapsed: 0.07	Loglikelihood: -16475	(delta): 0.0345867
271 (QN/EM) 	Elapsed: 0.07	Loglikelihood: -16474.9	(delta): 0.089039
272 (QN/EM) 	Elapsed: 0.07	Loglikelihood: -16474.9	(delta): 0.0123537
273 (QN/EM) 	Elapsed: 0.07	Loglikelihood: -16474.9	(delta): 0.0270998
274 (QN/EM) 	Elapsed: 0.07	Loglikelihood: -16474.8	(delta): 0.0451116
275 (QN/EM) 	Elapsed: 0.072	Loglikelihood: -16474.8	(delta): 0.00464508
276 (QN/EM) 	Elapsed: 0.072	Loglikelihood: -16474.6	(delta): 0.1964
277 (QN/EM) 	Elapsed: 0.072	Loglikelihood: -16474.1	(delta): 0.565223
278 (QN/EM) 	Elapsed: 0.07	Loglikelihood: -16473.8	(delta): 0.225132
279 (QN/EM) 	Elapsed: 0.07	Loglikelihood: -16473.8	(delta): 0.0249068
280 (QN/EM) 	Elapsed: 0.07	Loglikelihood: -16473.6	(delta): 0.220134
281 (QN/EM) 	Elapsed: 0.07	Loglikelihood: -16473.4	(delta): 0.146128
282 (QN/EM) 	Elapsed: 0.07	Loglikelihood: -16473.3	(delta): 0.157863
283 (QN/EM) 	Elapsed: 0.07	Loglikelihood: -16473.3	(delta): 0.0183491
284 (QN/EM) 	Elapsed: 0.07	Loglikelihood: -16471.6	(delta): 1.6761
285 (QN/EM) 	Elapsed: 0.071	Loglikelihood: -16470.7	(delta): 0.836597
286 (QN/EM) 	Elapsed: 0.071	Loglikelihood: -16469.5	(delta): 1.25993
287 (QN/EM) 	Elapsed: 0.07	Loglikelihood: -16468.9	(delta): 0.633367
288 (QN/EM) 	Elapsed: 0.072	Loglikelihood: -16468.3	(delta): 0.569018
289 (QN/EM) 	Elapsed: 0.073	Loglikelihood: -16467.4	(delta): 0.92208
290 (QN/EM) 	Elapsed: 0.071	Loglikelihood: -16466.3	(delta): 1.02883
291 (QN/EM) 	Elapsed: 0.071	Loglikelihood: -16466.1	(delta): 0.245491
292 (QN/EM) 	Elapsed: 0.07	Loglikelihood: -16465.4	(delta): 0.695562
293 (QN/EM) 	Elapsed: 0.07	Loglikelihood: -16465.3	(delta): 0.115651
294 (QN/EM) 	Elapsed: 0.07	Loglikelihood: -16464.9	(delta): 0.422108
295 (QN/EM) 	Elapsed: 0.07	Loglikelihood: -16464.6	(delta): 0.29108
296 (QN/EM) 	Elapsed: 0.07	Loglikelihood: -16464.4	(delta): 0.12316
297 (QN/EM) 	Elapsed: 0.071	Loglikelihood: -16464.2	(delta): 0.236191
298 (QN/EM) 	Elapsed: 0.07	Loglikelihood: -16464.1	(delta): 0.14337
299 (QN/EM) 	Elapsed: 0.07	Loglikelihood: -16464	(delta): 0.067778
300 (QN/EM) 	Elapsed: 0.07	Loglikelihood: -16464	(delta): 0.0382306
301 (QN/EM) 	Elapsed: 0.071	Loglikelihood: -16463.9	(delta): 0.0272868
302 (QN/EM) 	Elapsed: 0.07	Loglikelihood: -16463.9	(delta): 0.0258023
303 (QN/EM) 	Elapsed: 0.07	Loglikelihood: -16463.9	(delta): 0.0476916
304 (QN/EM) 	Elapsed: 0.071	Loglikelihood: -16463.8	(delta): 0.0360593
305 (QN/EM) 	Elapsed: 0.071	Loglikelihood: -16463.8	(delta): 0.00323681
306 (QN/EM) 	Elapsed: 0.071	Loglikelihood: -16463.8	(delta): 0.00698486
307 (QN/EM) 	Elapsed: 0.07	Loglikelihood: -16463.8	(delta): 0.00570441
308 (QN/EM) 	Elapsed: 0.071	Loglikelihood: -16463.8	(delta): 0.00830877
309 (QN/EM) 	Elapsed: 0.071	Loglikelihood: -16463.8	(delta): 0.0025038
310 (QN/EM) 	Elapsed: 0.071	Loglikelihood: -16463.8	(delta): 0.0122379
311 (QN/EM) 	Elapsed: 0.07	Loglikelihood: -16463.8	(delta): 0.0129611
312 (QN/EM) 	Elapsed: 0.071	Loglikelihood: -16463.8	(delta): 0.00113635
313 (QN/EM) 	Elapsed: 0.071	Loglikelihood: -16463.8	(delta): 0.000241545
314 (QN/EM) 	Elapsed: 0.07	Loglikelihood: -16463.8	(delta): 0.000754487
315 (QN/EM) 	Elapsed: 0.07	Loglikelihood: -16463.8	(delta): 0.00180256
316 (QN/EM) 	Elapsed: 0.07	Loglikelihood: -16463.8	(delta): 0.00129228
317 (QN/EM) 	Elapsed: 0.07	Loglikelihood: -16463.8	(delta): 0.000328665
318 (QN/EM) 	Elapsed: 0.07	Loglikelihood: -16463.8	(delta): 0.00103643
319 (QN/EM) 	Elapsed: 0.07	Loglikelihood: -16463.8	(delta): 0.00128493
320 (QN/EM) 	Elapsed: 0.07	Loglikelihood: -16463.8	(delta): 0.000893613
321 (QN/EM) 	Elapsed: 0.07	Loglikelihood: -16463.8	(delta): 0.000269264
322 (QN/EM) 	Elapsed: 0.07	Loglikelihood: -16463.8	(delta): 0.00112271
323 (QN/EM) 	Elapsed: 0.07	Loglikelihood: -16463.8	(delta): 0.0011476
324 (QN/EM) 	Elapsed: 0.07	Loglikelihood: -16463.8	(delta): 0.000930772
325 (QN/EM) 	Elapsed: 0.07	Loglikelihood: -16463.8	(delta): 0.000211311
326 (QN/EM) 	Elapsed: 0.07	Loglikelihood: -16463.8	(delta): 0.0011423
327 (QN/EM) 	Elapsed: 0.07	Loglikelihood: -16463.8	(delta): 0.000895802
328 (QN/EM) 	Elapsed: 0.07	Loglikelihood: -16463.8	(delta): 0.00102436
329 (QN/EM) 	Elapsed: 0.07	Loglikelihood: -16463.8	(delta): 0.000168694
330 (QN/EM) 	Elapsed: 0.07	Loglikelihood: -16463.8	(delta): 0.00115248
331 (QN/EM) 	Elapsed: 0.07	Loglikelihood: -16463.8	(delta): 0.000695652
332 (QN/EM) 	Elapsed: 0.07	Loglikelihood: -16463.7	(delta): 0.00109204
333 (QN/EM) 	Elapsed: 0.07	Loglikelihood: -16463.7	(delta): 0.000148613
334 (QN/EM) 	Elapsed: 0.07	Loglikelihood: -16463.7	(delta): 0.00121028
335 (QN/EM) 	Elapsed: 0.07	Loglikelihood: -16463.7	(delta): 0.000545596
336 (QN/EM) 	Elapsed: 0.07	Loglikelihood: -16463.7	(delta): 0.00108065
337 (QN/EM) 	Elapsed: 0.07	Loglikelihood: -16463.7	(delta): 0.000129808
338 (QN/EM) 	Elapsed: 0.07	Loglikelihood: -16463.7	(delta): 0.00115521
339 (QN/EM) 	Elapsed: 0.07	Loglikelihood: -16463.7	(delta): 0.000487034
340 (QN/EM) 	Elapsed: 0.07	Loglikelihood: -16463.7	(delta): 0.000960658
341 (QN/EM) 	Elapsed: 0.07	Loglikelihood: -16463.7	(delta): 0.00013445
342 (QN/EM) 	Elapsed: 0.07	Loglikelihood: -16463.7	(delta): 0.00106289
343 (QN/EM) 	Elapsed: 0.07	Loglikelihood: -16463.7	(delta): 0.000462463
344 (QN/EM) 	Elapsed: 0.071	Loglikelihood: -16463.7	(delta): 0.000900561
345 (QN/EM) 	Elapsed: 0.071	Loglikelihood: -16463.7	(delta): 0.000128322
346 (QN/EM) 	Elapsed: 0.07	Loglikelihood: -16463.7	(delta): 0.000884988
347 (QN/EM) 	Elapsed: 0.071	Loglikelihood: -16463.7	(delta): 0.000526994
348 (QN/EM) 	Elapsed: 0.071	Loglikelihood: -16463.7	(delta): 0.000843567
349 (QN/EM) 	Elapsed: 0.071	Loglikelihood: -16463.7	(delta): 0.000116606
350 (QN/EM) 	Elapsed: 0.071	Loglikelihood: -16463.7	(delta): 0.000859711
351 (QN/EM) 	Elapsed: 0.07	Loglikelihood: -16463.7	(delta): 0.000507168
352 (QN/EM) 	Elapsed: 0.071	Loglikelihood: -16463.7	(delta): 0.000708264
353 (QN/EM) 	Elapsed: 0.071	Loglikelihood: -16463.7	(delta): 0.000109594
354 (QN/EM) 	Elapsed: 0.071	Loglikelihood: -16463.7	(delta): 0.000495172
355 (QN/EM) 	Elapsed: 0.07	Loglikelihood: -16463.7	(delta): 0.000414504
356 (QN/EM) 	Elapsed: 0.071	Loglikelihood: -16463.7	(delta): 0.00225588
357 (QN/EM) 	Elapsed: 0.071	Loglikelihood: -16463.7	(delta): 0.000190955
358 (QN/EM) 	Elapsed: 0.07	Loglikelihood: -16463.7	(delta): 0.000126582
359 (QN/EM) 	Elapsed: 0.07	Loglikelihood: -16463.7	(delta): 0.000109746
360 (QN/EM) 	Elapsed: 0.071	Loglikelihood: -16463.7	(delta): 0.00133156
361 (QN/EM) 	Elapsed: 0.071	Loglikelihood: -16463.7	(delta): 0.000132246
362 (QN/EM) 	Elapsed: 0.071	Loglikelihood: -16463.7	(delta): 9.35861e-05
Summary: 
Converged in 362 iterations (26.23 sec)
Loglikelihood: -16463.730803
Fst divergences between estimated populations: 
	Pop0	Pop1	Pop2	Pop3	Pop4	Pop5	Pop6	Pop7	Pop8	
Pop0	
Pop1	0.283	
Pop2	0.576	0.670	
Pop3	0.460	0.501	0.460	
Pop4	0.612	0.716	0.117	0.480	
Pop5	0.497	0.568	0.560	0.425	0.584	
Pop6	0.151	0.297	0.562	0.450	0.595	0.482	
Pop7	0.232	0.360	0.559	0.449	0.594	0.477	0.196	
Pop8	0.321	0.227	0.679	0.509	0.724	0.578	0.322	0.381	
Pop9	0.272	0.074	0.660	0.496	0.705	0.559	0.275	0.343	0.205	
CV error (K=10): 0.14217
Writing output files.
