****                   ADMIXTURE Version 1.3.0                  ****
****                    Copyright 2008-2015                     ****
****           David Alexander, Suyash Shringarpure,            ****
****                John  Novembre, Ken Lange                   ****
****                                                            ****
****                 Please cite our paper!                     ****
****   Information at www.genetics.ucla.edu/software/admixture  ****

Cross-validation will be performed.  Folds=5.
Parallel execution requested.  Will use 5 threads.
Random seed: 43
Point estimation method: EM algorithm
Convergence acceleration algorithm: QuasiNewton, 3 secant conditions
Point estimation will terminate when objective function delta < 0.0001
Estimation of standard errors disabled; will compute point estimates only.
Size of G: 124x1554
Performing five EM steps to prime main algorithm
1 (EM) 	Elapsed: 0.006	Loglikelihood: -44450.3	(delta): 271377
2 (EM) 	Elapsed: 0.006	Loglikelihood: -42341.9	(delta): 2108.34
3 (EM) 	Elapsed: 0.006	Loglikelihood: -41990.4	(delta): 351.489
4 (EM) 	Elapsed: 0.006	Loglikelihood: -41833.5	(delta): 156.928
5 (EM) 	Elapsed: 0.006	Loglikelihood: -41746.8	(delta): 86.727
Initial loglikelihood: -41746.8
Starting main algorithm
1 (QN/EM) 	Elapsed: 0.006	Loglikelihood: -41642.6	(delta): 104.151
2 (QN/EM) 	Elapsed: 0.007	Loglikelihood: -41555.1	(delta): 87.5797
3 (QN/EM) 	Elapsed: 0.008	Loglikelihood: -41456.8	(delta): 98.2172
4 (QN/EM) 	Elapsed: 0.008	Loglikelihood: -41338.7	(delta): 118.128
5 (QN/EM) 	Elapsed: 0.008	Loglikelihood: -41192.6	(delta): 146.095
6 (QN/EM) 	Elapsed: 0.008	Loglikelihood: -40912.5	(delta): 280.126
7 (QN/EM) 	Elapsed: 0.008	Loglikelihood: -40638	(delta): 274.446
8 (QN/EM) 	Elapsed: 0.008	Loglikelihood: -39495.6	(delta): 1142.47
9 (QN/EM) 	Elapsed: 0.008	Loglikelihood: -37073.3	(delta): 2422.29
10 (QN/EM) 	Elapsed: 0.008	Loglikelihood: -36059.7	(delta): 1013.6
11 (QN/EM) 	Elapsed: 0.007	Loglikelihood: -34504.3	(delta): 1555.36
12 (QN/EM) 	Elapsed: 0.007	Loglikelihood: -33006.8	(delta): 1497.57
13 (QN/EM) 	Elapsed: 0.007	Loglikelihood: -32613.9	(delta): 392.835
14 (QN/EM) 	Elapsed: 0.007	Loglikelihood: -31777.2	(delta): 836.712
15 (QN/EM) 	Elapsed: 0.007	Loglikelihood: -31477.7	(delta): 299.482
16 (QN/EM) 	Elapsed: 0.007	Loglikelihood: -31285.1	(delta): 192.677
17 (QN/EM) 	Elapsed: 0.007	Loglikelihood: -31214.6	(delta): 70.4121
18 (QN/EM) 	Elapsed: 0.007	Loglikelihood: -31153	(delta): 61.6386
19 (QN/EM) 	Elapsed: 0.007	Loglikelihood: -31111	(delta): 42.0045
20 (QN/EM) 	Elapsed: 0.008	Loglikelihood: -31072.6	(delta): 38.4131
21 (QN/EM) 	Elapsed: 0.007	Loglikelihood: -30862.9	(delta): 209.669
22 (QN/EM) 	Elapsed: 0.007	Loglikelihood: -30417.7	(delta): 445.263
23 (QN/EM) 	Elapsed: 0.008	Loglikelihood: -30299.9	(delta): 117.776
24 (QN/EM) 	Elapsed: 0.007	Loglikelihood: -30232.8	(delta): 67.0881
25 (QN/EM) 	Elapsed: 0.007	Loglikelihood: -30130.7	(delta): 102.13
26 (QN/EM) 	Elapsed: 0.007	Loglikelihood: -30080	(delta): 50.6218
27 (QN/EM) 	Elapsed: 0.007	Loglikelihood: -30072.2	(delta): 7.84187
28 (QN/EM) 	Elapsed: 0.008	Loglikelihood: -30066.1	(delta): 6.10014
29 (QN/EM) 	Elapsed: 0.007	Loglikelihood: -30063.3	(delta): 2.81798
30 (QN/EM) 	Elapsed: 0.007	Loglikelihood: -30058.9	(delta): 4.36383
31 (QN/EM) 	Elapsed: 0.007	Loglikelihood: -30051.7	(delta): 7.24671
32 (QN/EM) 	Elapsed: 0.007	Loglikelihood: -30050.5	(delta): 1.20822
33 (QN/EM) 	Elapsed: 0.007	Loglikelihood: -30048.7	(delta): 1.78737
34 (QN/EM) 	Elapsed: 0.007	Loglikelihood: -30048.4	(delta): 0.279816
35 (QN/EM) 	Elapsed: 0.007	Loglikelihood: -30048.2	(delta): 0.175549
36 (QN/EM) 	Elapsed: 0.007	Loglikelihood: -30048.2	(delta): 0.0362319
37 (QN/EM) 	Elapsed: 0.007	Loglikelihood: -30047.7	(delta): 0.467908
38 (QN/EM) 	Elapsed: 0.008	Loglikelihood: -30047.7	(delta): 0.00520057
39 (QN/EM) 	Elapsed: 0.007	Loglikelihood: -30047.6	(delta): 0.0738224
40 (QN/EM) 	Elapsed: 0.007	Loglikelihood: -30047.6	(delta): 0.0132482
41 (QN/EM) 	Elapsed: 0.007	Loglikelihood: -30047.6	(delta): 0.0247156
42 (QN/EM) 	Elapsed: 0.007	Loglikelihood: -30047.5	(delta): 0.0465145
43 (QN/EM) 	Elapsed: 0.007	Loglikelihood: -30047.5	(delta): 0.0465667
44 (QN/EM) 	Elapsed: 0.007	Loglikelihood: -30047.5	(delta): 0.0073421
45 (QN/EM) 	Elapsed: 0.007	Loglikelihood: -30047.5	(delta): 0.00994087
46 (QN/EM) 	Elapsed: 0.007	Loglikelihood: -30047.5	(delta): 0.010707
47 (QN/EM) 	Elapsed: 0.008	Loglikelihood: -30047.5	(delta): 0.000665035
48 (QN/EM) 	Elapsed: 0.007	Loglikelihood: -30047.5	(delta): 0.0204017
49 (QN/EM) 	Elapsed: 0.008	Loglikelihood: -30047.5	(delta): 0.000444227
50 (QN/EM) 	Elapsed: 0.007	Loglikelihood: -30047.4	(delta): 0.0391504
51 (QN/EM) 	Elapsed: 0.008	Loglikelihood: -30047.4	(delta): 0.00242071
52 (QN/EM) 	Elapsed: 0.007	Loglikelihood: -30047.4	(delta): 0.000235061
53 (QN/EM) 	Elapsed: 0.007	Loglikelihood: -30047.4	(delta): 3.46513e-05
Summary: 
Converged in 53 iterations (0.457 sec)
Loglikelihood: -30047.410320
Fst divergences between estimated populations: 
	Pop0	
Pop0	
Pop1	0.342	
CV error (K=2): 0.18970
Writing output files.
