****                   ADMIXTURE Version 1.3.0                  ****
****                    Copyright 2008-2015                     ****
****           David Alexander, Suyash Shringarpure,            ****
****                John  Novembre, Ken Lange                   ****
****                                                            ****
****                 Please cite our paper!                     ****
****   Information at www.genetics.ucla.edu/software/admixture  ****

Cross-validation will be performed.  Folds=5.
Parallel execution requested.  Will use 5 threads.
Random seed: 43
Point estimation method: EM algorithm
Convergence acceleration algorithm: QuasiNewton, 3 secant conditions
Point estimation will terminate when objective function delta < 0.0001
Estimation of standard errors disabled; will compute point estimates only.
Size of G: 124x1554
Performing five EM steps to prime main algorithm
1 (EM) 	Elapsed: 0.008	Loglikelihood: -46045.5	(delta): 238401
2 (EM) 	Elapsed: 0.008	Loglikelihood: -42198	(delta): 3847.54
3 (EM) 	Elapsed: 0.008	Loglikelihood: -41442.9	(delta): 755.009
4 (EM) 	Elapsed: 0.008	Loglikelihood: -40979.7	(delta): 463.263
5 (EM) 	Elapsed: 0.008	Loglikelihood: -40618.2	(delta): 361.478
Initial loglikelihood: -40618.2
Starting main algorithm
1 (QN/EM) 	Elapsed: 0.023	Loglikelihood: -39998.9	(delta): 619.33
2 (QN/EM) 	Elapsed: 0.023	Loglikelihood: -39392.3	(delta): 606.57
3 (QN/EM) 	Elapsed: 0.024	Loglikelihood: -37431.5	(delta): 1960.85
4 (QN/EM) 	Elapsed: 0.025	Loglikelihood: -32056.3	(delta): 5375.13
5 (QN/EM) 	Elapsed: 0.024	Loglikelihood: -31487	(delta): 569.3
6 (QN/EM) 	Elapsed: 0.024	Loglikelihood: -31200.7	(delta): 286.346
7 (QN/EM) 	Elapsed: 0.024	Loglikelihood: -30572.7	(delta): 627.968
8 (QN/EM) 	Elapsed: 0.024	Loglikelihood: -30316	(delta): 256.726
9 (QN/EM) 	Elapsed: 0.024	Loglikelihood: -30133.4	(delta): 182.564
10 (QN/EM) 	Elapsed: 0.025	Loglikelihood: -29998.4	(delta): 134.987
11 (QN/EM) 	Elapsed: 0.024	Loglikelihood: -29892.9	(delta): 105.549
12 (QN/EM) 	Elapsed: 0.024	Loglikelihood: -29745.6	(delta): 147.248
13 (QN/EM) 	Elapsed: 0.024	Loglikelihood: -29306.4	(delta): 439.247
14 (QN/EM) 	Elapsed: 0.024	Loglikelihood: -29129.9	(delta): 176.487
15 (QN/EM) 	Elapsed: 0.024	Loglikelihood: -29039.9	(delta): 90.0499
16 (QN/EM) 	Elapsed: 0.024	Loglikelihood: -28914.8	(delta): 125.088
17 (QN/EM) 	Elapsed: 0.024	Loglikelihood: -28743.9	(delta): 170.871
18 (QN/EM) 	Elapsed: 0.024	Loglikelihood: -28624	(delta): 119.894
19 (QN/EM) 	Elapsed: 0.024	Loglikelihood: -28313.3	(delta): 310.743
20 (QN/EM) 	Elapsed: 0.024	Loglikelihood: -27975.3	(delta): 337.96
21 (QN/EM) 	Elapsed: 0.024	Loglikelihood: -27819	(delta): 156.264
22 (QN/EM) 	Elapsed: 0.024	Loglikelihood: -27746.2	(delta): 72.8533
23 (QN/EM) 	Elapsed: 0.024	Loglikelihood: -27692.3	(delta): 53.8788
24 (QN/EM) 	Elapsed: 0.024	Loglikelihood: -27637.1	(delta): 55.1594
25 (QN/EM) 	Elapsed: 0.024	Loglikelihood: -27564.8	(delta): 72.3116
26 (QN/EM) 	Elapsed: 0.024	Loglikelihood: -27502	(delta): 62.8095
27 (QN/EM) 	Elapsed: 0.024	Loglikelihood: -27462	(delta): 40.0126
28 (QN/EM) 	Elapsed: 0.024	Loglikelihood: -27443.3	(delta): 18.6878
29 (QN/EM) 	Elapsed: 0.024	Loglikelihood: -27202.6	(delta): 240.711
30 (QN/EM) 	Elapsed: 0.024	Loglikelihood: -27141	(delta): 61.5826
31 (QN/EM) 	Elapsed: 0.024	Loglikelihood: -27116.4	(delta): 24.581
32 (QN/EM) 	Elapsed: 0.024	Loglikelihood: -27095.2	(delta): 21.2081
33 (QN/EM) 	Elapsed: 0.024	Loglikelihood: -27083.9	(delta): 11.2963
34 (QN/EM) 	Elapsed: 0.024	Loglikelihood: -27076	(delta): 7.89318
35 (QN/EM) 	Elapsed: 0.024	Loglikelihood: -27056.2	(delta): 19.8019
36 (QN/EM) 	Elapsed: 0.024	Loglikelihood: -27048.9	(delta): 7.30875
37 (QN/EM) 	Elapsed: 0.024	Loglikelihood: -27022	(delta): 26.9374
38 (QN/EM) 	Elapsed: 0.024	Loglikelihood: -27010.8	(delta): 11.1917
39 (QN/EM) 	Elapsed: 0.024	Loglikelihood: -26995.8	(delta): 14.9621
40 (QN/EM) 	Elapsed: 0.024	Loglikelihood: -26990.3	(delta): 5.57573
41 (QN/EM) 	Elapsed: 0.024	Loglikelihood: -26956.2	(delta): 34.1095
42 (QN/EM) 	Elapsed: 0.024	Loglikelihood: -26949.1	(delta): 7.07058
43 (QN/EM) 	Elapsed: 0.024	Loglikelihood: -26925	(delta): 24.0679
44 (QN/EM) 	Elapsed: 0.024	Loglikelihood: -26918.9	(delta): 6.16072
45 (QN/EM) 	Elapsed: 0.024	Loglikelihood: -26902.5	(delta): 16.3831
46 (QN/EM) 	Elapsed: 0.024	Loglikelihood: -26894.3	(delta): 8.14088
47 (QN/EM) 	Elapsed: 0.024	Loglikelihood: -26875.2	(delta): 19.126
48 (QN/EM) 	Elapsed: 0.024	Loglikelihood: -26870.3	(delta): 4.91424
49 (QN/EM) 	Elapsed: 0.024	Loglikelihood: -26856.6	(delta): 13.6678
50 (QN/EM) 	Elapsed: 0.024	Loglikelihood: -26847.5	(delta): 9.12006
51 (QN/EM) 	Elapsed: 0.024	Loglikelihood: -26836.8	(delta): 10.7066
52 (QN/EM) 	Elapsed: 0.024	Loglikelihood: -26833.2	(delta): 3.57325
53 (QN/EM) 	Elapsed: 0.024	Loglikelihood: -26803.3	(delta): 29.9501
54 (QN/EM) 	Elapsed: 0.024	Loglikelihood: -26796.4	(delta): 6.90287
55 (QN/EM) 	Elapsed: 0.024	Loglikelihood: -26752.8	(delta): 43.6153
56 (QN/EM) 	Elapsed: 0.024	Loglikelihood: -26742.6	(delta): 10.1824
57 (QN/EM) 	Elapsed: 0.024	Loglikelihood: -26734.6	(delta): 7.97676
58 (QN/EM) 	Elapsed: 0.024	Loglikelihood: -26729.1	(delta): 5.48618
59 (QN/EM) 	Elapsed: 0.024	Loglikelihood: -26726.2	(delta): 2.90471
60 (QN/EM) 	Elapsed: 0.024	Loglikelihood: -26703.9	(delta): 22.3197
61 (QN/EM) 	Elapsed: 0.024	Loglikelihood: -26681.8	(delta): 22.1286
62 (QN/EM) 	Elapsed: 0.024	Loglikelihood: -26672.2	(delta): 9.5604
63 (QN/EM) 	Elapsed: 0.024	Loglikelihood: -26669.6	(delta): 2.65043
64 (QN/EM) 	Elapsed: 0.024	Loglikelihood: -26656.6	(delta): 12.9019
65 (QN/EM) 	Elapsed: 0.024	Loglikelihood: -26645	(delta): 11.6236
66 (QN/EM) 	Elapsed: 0.024	Loglikelihood: -26635.4	(delta): 9.60305
67 (QN/EM) 	Elapsed: 0.024	Loglikelihood: -26633.4	(delta): 2.0604
68 (QN/EM) 	Elapsed: 0.024	Loglikelihood: -26602.4	(delta): 31.0055
69 (QN/EM) 	Elapsed: 0.024	Loglikelihood: -26595.6	(delta): 6.77688
70 (QN/EM) 	Elapsed: 0.025	Loglikelihood: -26593.1	(delta): 2.47317
71 (QN/EM) 	Elapsed: 0.025	Loglikelihood: -26591.3	(delta): 1.84638
72 (QN/EM) 	Elapsed: 0.025	Loglikelihood: -26589.2	(delta): 2.06284
73 (QN/EM) 	Elapsed: 0.024	Loglikelihood: -26586.1	(delta): 3.10613
74 (QN/EM) 	Elapsed: 0.024	Loglikelihood: -26581.6	(delta): 4.51414
75 (QN/EM) 	Elapsed: 0.024	Loglikelihood: -26577.3	(delta): 4.2717
76 (QN/EM) 	Elapsed: 0.024	Loglikelihood: -26570.3	(delta): 6.98606
77 (QN/EM) 	Elapsed: 0.024	Loglikelihood: -26561.9	(delta): 8.37624
78 (QN/EM) 	Elapsed: 0.024	Loglikelihood: -26558.2	(delta): 3.71985
79 (QN/EM) 	Elapsed: 0.024	Loglikelihood: -26556.5	(delta): 1.71067
80 (QN/EM) 	Elapsed: 0.024	Loglikelihood: -26535.9	(delta): 20.5833
81 (QN/EM) 	Elapsed: 0.024	Loglikelihood: -26523.4	(delta): 12.5487
82 (QN/EM) 	Elapsed: 0.024	Loglikelihood: -26520.4	(delta): 2.96078
83 (QN/EM) 	Elapsed: 0.024	Loglikelihood: -26517.9	(delta): 2.47533
84 (QN/EM) 	Elapsed: 0.025	Loglikelihood: -26517	(delta): 0.90143
85 (QN/EM) 	Elapsed: 0.024	Loglikelihood: -26514.4	(delta): 2.61714
86 (QN/EM) 	Elapsed: 0.024	Loglikelihood: -26511.2	(delta): 3.24824
87 (QN/EM) 	Elapsed: 0.024	Loglikelihood: -26508.6	(delta): 2.54847
88 (QN/EM) 	Elapsed: 0.024	Loglikelihood: -26506	(delta): 2.6078
89 (QN/EM) 	Elapsed: 0.025	Loglikelihood: -26504.8	(delta): 1.17508
90 (QN/EM) 	Elapsed: 0.024	Loglikelihood: -26502.6	(delta): 2.29189
91 (QN/EM) 	Elapsed: 0.025	Loglikelihood: -26492.4	(delta): 10.122
92 (QN/EM) 	Elapsed: 0.025	Loglikelihood: -26490.9	(delta): 1.56428
93 (QN/EM) 	Elapsed: 0.025	Loglikelihood: -26489.3	(delta): 1.52838
94 (QN/EM) 	Elapsed: 0.024	Loglikelihood: -26483.2	(delta): 6.14922
95 (QN/EM) 	Elapsed: 0.024	Loglikelihood: -26478.6	(delta): 4.58074
96 (QN/EM) 	Elapsed: 0.025	Loglikelihood: -26477.2	(delta): 1.38433
97 (QN/EM) 	Elapsed: 0.024	Loglikelihood: -26455.9	(delta): 21.3392
98 (QN/EM) 	Elapsed: 0.024	Loglikelihood: -26443.3	(delta): 12.5783
99 (QN/EM) 	Elapsed: 0.024	Loglikelihood: -26437.4	(delta): 5.88963
100 (QN/EM) 	Elapsed: 0.025	Loglikelihood: -26434.4	(delta): 3.00473
101 (QN/EM) 	Elapsed: 0.025	Loglikelihood: -26431.6	(delta): 2.78224
102 (QN/EM) 	Elapsed: 0.025	Loglikelihood: -26429.4	(delta): 2.20415
103 (QN/EM) 	Elapsed: 0.025	Loglikelihood: -26428.3	(delta): 1.15021
104 (QN/EM) 	Elapsed: 0.024	Loglikelihood: -26420.3	(delta): 7.95132
105 (QN/EM) 	Elapsed: 0.024	Loglikelihood: -26416.7	(delta): 3.60167
106 (QN/EM) 	Elapsed: 0.024	Loglikelihood: -26414.8	(delta): 1.94258
107 (QN/EM) 	Elapsed: 0.024	Loglikelihood: -26410	(delta): 4.75997
108 (QN/EM) 	Elapsed: 0.024	Loglikelihood: -26407.9	(delta): 2.08565
109 (QN/EM) 	Elapsed: 0.024	Loglikelihood: -26405.9	(delta): 2.00821
110 (QN/EM) 	Elapsed: 0.024	Loglikelihood: -26402	(delta): 3.9241
111 (QN/EM) 	Elapsed: 0.024	Loglikelihood: -26400.8	(delta): 1.20744
112 (QN/EM) 	Elapsed: 0.024	Loglikelihood: -26388.8	(delta): 12.0438
113 (QN/EM) 	Elapsed: 0.024	Loglikelihood: -26387.5	(delta): 1.28639
114 (QN/EM) 	Elapsed: 0.024	Loglikelihood: -26386.2	(delta): 1.28765
115 (QN/EM) 	Elapsed: 0.024	Loglikelihood: -26386	(delta): 0.223127
116 (QN/EM) 	Elapsed: 0.025	Loglikelihood: -26385.8	(delta): 0.165125
117 (QN/EM) 	Elapsed: 0.025	Loglikelihood: -26385.6	(delta): 0.185786
118 (QN/EM) 	Elapsed: 0.025	Loglikelihood: -26385.4	(delta): 0.210357
119 (QN/EM) 	Elapsed: 0.025	Loglikelihood: -26385.2	(delta): 0.241899
120 (QN/EM) 	Elapsed: 0.025	Loglikelihood: -26384.9	(delta): 0.280459
121 (QN/EM) 	Elapsed: 0.024	Loglikelihood: -26384.5	(delta): 0.330606
122 (QN/EM) 	Elapsed: 0.025	Loglikelihood: -26384	(delta): 0.49606
123 (QN/EM) 	Elapsed: 0.025	Loglikelihood: -26383.5	(delta): 0.50326
124 (QN/EM) 	Elapsed: 0.025	Loglikelihood: -26383	(delta): 0.549857
125 (QN/EM) 	Elapsed: 0.025	Loglikelihood: -26382.4	(delta): 0.554432
126 (QN/EM) 	Elapsed: 0.025	Loglikelihood: -26381.9	(delta): 0.521669
127 (QN/EM) 	Elapsed: 0.025	Loglikelihood: -26381.4	(delta): 0.474655
128 (QN/EM) 	Elapsed: 0.025	Loglikelihood: -26381	(delta): 0.435837
129 (QN/EM) 	Elapsed: 0.024	Loglikelihood: -26380.2	(delta): 0.84963
130 (QN/EM) 	Elapsed: 0.025	Loglikelihood: -26375	(delta): 5.17594
131 (QN/EM) 	Elapsed: 0.025	Loglikelihood: -26374.7	(delta): 0.28698
132 (QN/EM) 	Elapsed: 0.025	Loglikelihood: -26374.4	(delta): 0.340002
133 (QN/EM) 	Elapsed: 0.025	Loglikelihood: -26373.9	(delta): 0.430946
134 (QN/EM) 	Elapsed: 0.025	Loglikelihood: -26373.7	(delta): 0.215535
135 (QN/EM) 	Elapsed: 0.025	Loglikelihood: -26373.6	(delta): 0.108731
136 (QN/EM) 	Elapsed: 0.024	Loglikelihood: -26370.8	(delta): 2.79577
137 (QN/EM) 	Elapsed: 0.024	Loglikelihood: -26370.6	(delta): 0.193794
138 (QN/EM) 	Elapsed: 0.025	Loglikelihood: -26370.4	(delta): 0.247586
139 (QN/EM) 	Elapsed: 0.024	Loglikelihood: -26370.3	(delta): 0.0943778
140 (QN/EM) 	Elapsed: 0.025	Loglikelihood: -26370.2	(delta): 0.0184348
141 (QN/EM) 	Elapsed: 0.025	Loglikelihood: -26370.2	(delta): 0.01324
142 (QN/EM) 	Elapsed: 0.024	Loglikelihood: -26369.8	(delta): 0.401187
143 (QN/EM) 	Elapsed: 0.025	Loglikelihood: -26369.8	(delta): 0.0239467
144 (QN/EM) 	Elapsed: 0.024	Loglikelihood: -26369.8	(delta): 0.0212361
145 (QN/EM) 	Elapsed: 0.024	Loglikelihood: -26369.7	(delta): 0.0992485
146 (QN/EM) 	Elapsed: 0.024	Loglikelihood: -26369.2	(delta): 0.535422
147 (QN/EM) 	Elapsed: 0.024	Loglikelihood: -26368.8	(delta): 0.371391
148 (QN/EM) 	Elapsed: 0.025	Loglikelihood: -26364.6	(delta): 4.14103
149 (QN/EM) 	Elapsed: 0.024	Loglikelihood: -26343.2	(delta): 21.4047
150 (QN/EM) 	Elapsed: 0.024	Loglikelihood: -26323	(delta): 20.1924
151 (QN/EM) 	Elapsed: 0.024	Loglikelihood: -26320.1	(delta): 2.94761
152 (QN/EM) 	Elapsed: 0.024	Loglikelihood: -26315.8	(delta): 4.28414
153 (QN/EM) 	Elapsed: 0.024	Loglikelihood: -26312.9	(delta): 2.89289
154 (QN/EM) 	Elapsed: 0.024	Loglikelihood: -26311.3	(delta): 1.59223
155 (QN/EM) 	Elapsed: 0.024	Loglikelihood: -26310.4	(delta): 0.96225
156 (QN/EM) 	Elapsed: 0.024	Loglikelihood: -26307.1	(delta): 3.24024
157 (QN/EM) 	Elapsed: 0.024	Loglikelihood: -26303.7	(delta): 3.45162
158 (QN/EM) 	Elapsed: 0.024	Loglikelihood: -26302.1	(delta): 1.57748
159 (QN/EM) 	Elapsed: 0.024	Loglikelihood: -26302	(delta): 0.101744
160 (QN/EM) 	Elapsed: 0.024	Loglikelihood: -26301.7	(delta): 0.264886
161 (QN/EM) 	Elapsed: 0.024	Loglikelihood: -26301.6	(delta): 0.157771
162 (QN/EM) 	Elapsed: 0.024	Loglikelihood: -26301.5	(delta): 0.0376135
163 (QN/EM) 	Elapsed: 0.024	Loglikelihood: -26301.3	(delta): 0.246147
164 (QN/EM) 	Elapsed: 0.024	Loglikelihood: -26300.9	(delta): 0.354578
165 (QN/EM) 	Elapsed: 0.024	Loglikelihood: -26300.7	(delta): 0.236218
166 (QN/EM) 	Elapsed: 0.024	Loglikelihood: -26300.6	(delta): 0.137584
167 (QN/EM) 	Elapsed: 0.024	Loglikelihood: -26298.5	(delta): 2.08299
168 (QN/EM) 	Elapsed: 0.025	Loglikelihood: -26298.2	(delta): 0.273918
169 (QN/EM) 	Elapsed: 0.025	Loglikelihood: -26297.9	(delta): 0.292217
170 (QN/EM) 	Elapsed: 0.025	Loglikelihood: -26297.6	(delta): 0.318478
171 (QN/EM) 	Elapsed: 0.025	Loglikelihood: -26297.2	(delta): 0.348251
172 (QN/EM) 	Elapsed: 0.025	Loglikelihood: -26296.9	(delta): 0.381083
173 (QN/EM) 	Elapsed: 0.025	Loglikelihood: -26296.4	(delta): 0.41698
174 (QN/EM) 	Elapsed: 0.025	Loglikelihood: -26296	(delta): 0.456039
175 (QN/EM) 	Elapsed: 0.024	Loglikelihood: -26294.7	(delta): 1.26316
176 (QN/EM) 	Elapsed: 0.025	Loglikelihood: -26293.3	(delta): 1.41522
177 (QN/EM) 	Elapsed: 0.025	Loglikelihood: -26292.4	(delta): 0.886003
178 (QN/EM) 	Elapsed: 0.025	Loglikelihood: -26291.5	(delta): 0.91298
179 (QN/EM) 	Elapsed: 0.025	Loglikelihood: -26290.6	(delta): 0.955177
180 (QN/EM) 	Elapsed: 0.025	Loglikelihood: -26289.6	(delta): 1.00154
181 (QN/EM) 	Elapsed: 0.024	Loglikelihood: -26283	(delta): 6.51574
182 (QN/EM) 	Elapsed: 0.025	Loglikelihood: -26275.4	(delta): 7.6622
183 (QN/EM) 	Elapsed: 0.025	Loglikelihood: -26273.1	(delta): 2.23535
184 (QN/EM) 	Elapsed: 0.024	Loglikelihood: -26252.9	(delta): 20.2605
185 (QN/EM) 	Elapsed: 0.024	Loglikelihood: -26248.2	(delta): 4.71897
186 (QN/EM) 	Elapsed: 0.024	Loglikelihood: -26237.1	(delta): 11.0161
187 (QN/EM) 	Elapsed: 0.024	Loglikelihood: -26235.5	(delta): 1.68681
188 (QN/EM) 	Elapsed: 0.024	Loglikelihood: -26234.2	(delta): 1.24958
189 (QN/EM) 	Elapsed: 0.024	Loglikelihood: -26230.2	(delta): 4.05486
190 (QN/EM) 	Elapsed: 0.024	Loglikelihood: -26226.8	(delta): 3.39896
191 (QN/EM) 	Elapsed: 0.024	Loglikelihood: -26226.1	(delta): 0.628851
192 (QN/EM) 	Elapsed: 0.024	Loglikelihood: -26225.3	(delta): 0.819658
193 (QN/EM) 	Elapsed: 0.024	Loglikelihood: -26225.1	(delta): 0.166726
194 (QN/EM) 	Elapsed: 0.024	Loglikelihood: -26223.9	(delta): 1.25532
195 (QN/EM) 	Elapsed: 0.024	Loglikelihood: -26223.8	(delta): 0.0391522
196 (QN/EM) 	Elapsed: 0.024	Loglikelihood: -26223.5	(delta): 0.30291
197 (QN/EM) 	Elapsed: 0.024	Loglikelihood: -26223.5	(delta): 0.0781041
198 (QN/EM) 	Elapsed: 0.024	Loglikelihood: -26223.2	(delta): 0.219406
199 (QN/EM) 	Elapsed: 0.024	Loglikelihood: -26223.2	(delta): 0.0109709
200 (QN/EM) 	Elapsed: 0.024	Loglikelihood: -26223.2	(delta): 0.005494
201 (QN/EM) 	Elapsed: 0.024	Loglikelihood: -26223.2	(delta): 0.00749098
202 (QN/EM) 	Elapsed: 0.024	Loglikelihood: -26223.2	(delta): 0.0282557
203 (QN/EM) 	Elapsed: 0.024	Loglikelihood: -26223.2	(delta): 0.0243384
204 (QN/EM) 	Elapsed: 0.024	Loglikelihood: -26223.1	(delta): 0.0679371
205 (QN/EM) 	Elapsed: 0.024	Loglikelihood: -26223.1	(delta): 0.00504581
206 (QN/EM) 	Elapsed: 0.024	Loglikelihood: -26223.1	(delta): 0.0281311
207 (QN/EM) 	Elapsed: 0.024	Loglikelihood: -26223.1	(delta): 0.00571714
208 (QN/EM) 	Elapsed: 0.024	Loglikelihood: -26223	(delta): 0.0250292
209 (QN/EM) 	Elapsed: 0.024	Loglikelihood: -26223	(delta): 0.0216406
210 (QN/EM) 	Elapsed: 0.024	Loglikelihood: -26223	(delta): 0.0167424
211 (QN/EM) 	Elapsed: 0.024	Loglikelihood: -26223	(delta): 0.0119554
212 (QN/EM) 	Elapsed: 0.024	Loglikelihood: -26223	(delta): 0.00976685
213 (QN/EM) 	Elapsed: 0.024	Loglikelihood: -26223	(delta): 0.012743
214 (QN/EM) 	Elapsed: 0.024	Loglikelihood: -26222.9	(delta): 0.0258437
215 (QN/EM) 	Elapsed: 0.024	Loglikelihood: -26222.9	(delta): 0.0107643
216 (QN/EM) 	Elapsed: 0.024	Loglikelihood: -26222.9	(delta): 0.00835222
217 (QN/EM) 	Elapsed: 0.024	Loglikelihood: -26222.9	(delta): 0.0121946
218 (QN/EM) 	Elapsed: 0.024	Loglikelihood: -26222.9	(delta): 0.0198504
219 (QN/EM) 	Elapsed: 0.024	Loglikelihood: -26222.9	(delta): 0.00946054
220 (QN/EM) 	Elapsed: 0.024	Loglikelihood: -26222.9	(delta): 0.00932336
221 (QN/EM) 	Elapsed: 0.024	Loglikelihood: -26222.9	(delta): 0.00912846
222 (QN/EM) 	Elapsed: 0.024	Loglikelihood: -26222.8	(delta): 0.0217671
223 (QN/EM) 	Elapsed: 0.024	Loglikelihood: -26222.8	(delta): 0.00937065
224 (QN/EM) 	Elapsed: 0.024	Loglikelihood: -26222.8	(delta): 0.00890237
225 (QN/EM) 	Elapsed: 0.024	Loglikelihood: -26222.8	(delta): 0.00835475
226 (QN/EM) 	Elapsed: 0.024	Loglikelihood: -26222.8	(delta): 0.0302485
227 (QN/EM) 	Elapsed: 0.024	Loglikelihood: -26222.8	(delta): 0.00851999
228 (QN/EM) 	Elapsed: 0.024	Loglikelihood: -26222.8	(delta): 0.00845979
229 (QN/EM) 	Elapsed: 0.024	Loglikelihood: -26222.8	(delta): 0.00683608
230 (QN/EM) 	Elapsed: 0.024	Loglikelihood: -26222.7	(delta): 0.0590566
231 (QN/EM) 	Elapsed: 0.024	Loglikelihood: -26222.7	(delta): 0.00647713
232 (QN/EM) 	Elapsed: 0.024	Loglikelihood: -26222.7	(delta): 0.0085576
233 (QN/EM) 	Elapsed: 0.024	Loglikelihood: -26222.7	(delta): 0.00510575
234 (QN/EM) 	Elapsed: 0.024	Loglikelihood: -26222.5	(delta): 0.220456
235 (QN/EM) 	Elapsed: 0.024	Loglikelihood: -26222.5	(delta): 0.00510247
236 (QN/EM) 	Elapsed: 0.024	Loglikelihood: -26222.4	(delta): 0.00266129
237 (QN/EM) 	Elapsed: 0.024	Loglikelihood: -26222.4	(delta): 0.00213593
238 (QN/EM) 	Elapsed: 0.024	Loglikelihood: -26222.4	(delta): 0.0176605
239 (QN/EM) 	Elapsed: 0.024	Loglikelihood: -26222.4	(delta): 0.0388964
240 (QN/EM) 	Elapsed: 0.024	Loglikelihood: -26222.4	(delta): 0.00405858
241 (QN/EM) 	Elapsed: 0.024	Loglikelihood: -26222.4	(delta): 0.00264134
242 (QN/EM) 	Elapsed: 0.024	Loglikelihood: -26222.4	(delta): 0.00254374
243 (QN/EM) 	Elapsed: 0.024	Loglikelihood: -26222.4	(delta): 0.0112475
244 (QN/EM) 	Elapsed: 0.024	Loglikelihood: -26222.4	(delta): 0.00609755
245 (QN/EM) 	Elapsed: 0.024	Loglikelihood: -26222.4	(delta): 0.00200439
246 (QN/EM) 	Elapsed: 0.024	Loglikelihood: -26222.4	(delta): 0.00217231
247 (QN/EM) 	Elapsed: 0.024	Loglikelihood: -26222.4	(delta): 0.00399976
248 (QN/EM) 	Elapsed: 0.024	Loglikelihood: -26222.4	(delta): 0.00287282
249 (QN/EM) 	Elapsed: 0.024	Loglikelihood: -26222.3	(delta): 0.00274496
250 (QN/EM) 	Elapsed: 0.024	Loglikelihood: -26222.3	(delta): 0.00178746
251 (QN/EM) 	Elapsed: 0.024	Loglikelihood: -26222.3	(delta): 0.00209226
252 (QN/EM) 	Elapsed: 0.024	Loglikelihood: -26222.3	(delta): 0.00213283
253 (QN/EM) 	Elapsed: 0.024	Loglikelihood: -26222.3	(delta): 0.00234186
254 (QN/EM) 	Elapsed: 0.024	Loglikelihood: -26222.3	(delta): 0.00145877
255 (QN/EM) 	Elapsed: 0.024	Loglikelihood: -26222.3	(delta): 0.00199126
256 (QN/EM) 	Elapsed: 0.024	Loglikelihood: -26222.3	(delta): 0.00187675
257 (QN/EM) 	Elapsed: 0.024	Loglikelihood: -26222.3	(delta): 0.00170621
258 (QN/EM) 	Elapsed: 0.024	Loglikelihood: -26222.3	(delta): 0.00150035
259 (QN/EM) 	Elapsed: 0.024	Loglikelihood: -26222.3	(delta): 0.00153907
260 (QN/EM) 	Elapsed: 0.024	Loglikelihood: -26222.3	(delta): 0.00173612
261 (QN/EM) 	Elapsed: 0.024	Loglikelihood: -26222.3	(delta): 0.00145301
262 (QN/EM) 	Elapsed: 0.024	Loglikelihood: -26222.3	(delta): 0.00127591
263 (QN/EM) 	Elapsed: 0.024	Loglikelihood: -26222.3	(delta): 0.00145762
264 (QN/EM) 	Elapsed: 0.024	Loglikelihood: -26222.3	(delta): 0.00147562
265 (QN/EM) 	Elapsed: 0.024	Loglikelihood: -26222.3	(delta): 0.001331
266 (QN/EM) 	Elapsed: 0.024	Loglikelihood: -26222.3	(delta): 0.00114471
267 (QN/EM) 	Elapsed: 0.024	Loglikelihood: -26222.3	(delta): 0.00131778
268 (QN/EM) 	Elapsed: 0.024	Loglikelihood: -26222.3	(delta): 0.00132125
269 (QN/EM) 	Elapsed: 0.024	Loglikelihood: -26222.3	(delta): 0.00116314
270 (QN/EM) 	Elapsed: 0.024	Loglikelihood: -26222.3	(delta): 0.00105005
271 (QN/EM) 	Elapsed: 0.024	Loglikelihood: -26222.3	(delta): 0.00121523
272 (QN/EM) 	Elapsed: 0.024	Loglikelihood: -26222.3	(delta): 0.00115073
273 (QN/EM) 	Elapsed: 0.024	Loglikelihood: -26222.3	(delta): 0.00106293
274 (QN/EM) 	Elapsed: 0.024	Loglikelihood: -26222.3	(delta): 0.000939274
275 (QN/EM) 	Elapsed: 0.024	Loglikelihood: -26222.3	(delta): 0.0011347
276 (QN/EM) 	Elapsed: 0.024	Loglikelihood: -26222.3	(delta): 0.0010115
277 (QN/EM) 	Elapsed: 0.024	Loglikelihood: -26222.3	(delta): 0.000969948
278 (QN/EM) 	Elapsed: 0.024	Loglikelihood: -26222.3	(delta): 0.00084209
279 (QN/EM) 	Elapsed: 0.024	Loglikelihood: -26222.3	(delta): 0.00104828
280 (QN/EM) 	Elapsed: 0.024	Loglikelihood: -26222.3	(delta): 0.000903018
281 (QN/EM) 	Elapsed: 0.024	Loglikelihood: -26222.3	(delta): 0.000887349
282 (QN/EM) 	Elapsed: 0.024	Loglikelihood: -26222.3	(delta): 0.000741873
283 (QN/EM) 	Elapsed: 0.024	Loglikelihood: -26222.3	(delta): 0.000974769
284 (QN/EM) 	Elapsed: 0.024	Loglikelihood: -26222.3	(delta): 0.000813372
285 (QN/EM) 	Elapsed: 0.024	Loglikelihood: -26222.3	(delta): 0.000810288
286 (QN/EM) 	Elapsed: 0.024	Loglikelihood: -26222.3	(delta): 0.000651545
287 (QN/EM) 	Elapsed: 0.024	Loglikelihood: -26222.3	(delta): 0.000904466
288 (QN/EM) 	Elapsed: 0.024	Loglikelihood: -26222.3	(delta): 0.000741395
289 (QN/EM) 	Elapsed: 0.024	Loglikelihood: -26222.3	(delta): 0.000733842
290 (QN/EM) 	Elapsed: 0.024	Loglikelihood: -26222.3	(delta): 0.000575106
291 (QN/EM) 	Elapsed: 0.024	Loglikelihood: -26222.3	(delta): 0.000839835
292 (QN/EM) 	Elapsed: 0.024	Loglikelihood: -26222.3	(delta): 0.000677032
293 (QN/EM) 	Elapsed: 0.024	Loglikelihood: -26222.3	(delta): 0.000661902
294 (QN/EM) 	Elapsed: 0.024	Loglikelihood: -26222.3	(delta): 0.000510994
295 (QN/EM) 	Elapsed: 0.024	Loglikelihood: -26222.3	(delta): 0.000780975
296 (QN/EM) 	Elapsed: 0.024	Loglikelihood: -26222.3	(delta): 0.000616007
297 (QN/EM) 	Elapsed: 0.024	Loglikelihood: -26222.3	(delta): 0.00059609
298 (QN/EM) 	Elapsed: 0.024	Loglikelihood: -26222.3	(delta): 0.000457438
299 (QN/EM) 	Elapsed: 0.024	Loglikelihood: -26222.3	(delta): 0.000725729
300 (QN/EM) 	Elapsed: 0.024	Loglikelihood: -26222.3	(delta): 0.000557934
301 (QN/EM) 	Elapsed: 0.024	Loglikelihood: -26222.3	(delta): 0.000537296
302 (QN/EM) 	Elapsed: 0.024	Loglikelihood: -26222.3	(delta): 0.000411919
303 (QN/EM) 	Elapsed: 0.024	Loglikelihood: -26222.3	(delta): 0.00067257
304 (QN/EM) 	Elapsed: 0.024	Loglikelihood: -26222.3	(delta): 0.000504071
305 (QN/EM) 	Elapsed: 0.024	Loglikelihood: -26222.3	(delta): 0.000485269
306 (QN/EM) 	Elapsed: 0.024	Loglikelihood: -26222.3	(delta): 0.000372384
307 (QN/EM) 	Elapsed: 0.024	Loglikelihood: -26222.3	(delta): 0.00062076
308 (QN/EM) 	Elapsed: 0.024	Loglikelihood: -26222.3	(delta): 0.000455527
309 (QN/EM) 	Elapsed: 0.024	Loglikelihood: -26222.3	(delta): 0.000439244
310 (QN/EM) 	Elapsed: 0.024	Loglikelihood: -26222.3	(delta): 0.000337255
311 (QN/EM) 	Elapsed: 0.024	Loglikelihood: -26222.3	(delta): 0.000570733
312 (QN/EM) 	Elapsed: 0.024	Loglikelihood: -26222.3	(delta): 0.000412484
313 (QN/EM) 	Elapsed: 0.024	Loglikelihood: -26222.3	(delta): 0.000398261
314 (QN/EM) 	Elapsed: 0.024	Loglikelihood: -26222.3	(delta): 0.000305647
315 (QN/EM) 	Elapsed: 0.024	Loglikelihood: -26222.3	(delta): 0.000523089
316 (QN/EM) 	Elapsed: 0.024	Loglikelihood: -26222.3	(delta): 0.000374562
317 (QN/EM) 	Elapsed: 0.023	Loglikelihood: -26222.3	(delta): 0.000361412
318 (QN/EM) 	Elapsed: 0.023	Loglikelihood: -26222.3	(delta): 0.000277209
319 (QN/EM) 	Elapsed: 0.024	Loglikelihood: -26222.3	(delta): 0.000478168
320 (QN/EM) 	Elapsed: 0.024	Loglikelihood: -26222.3	(delta): 0.000340999
321 (QN/EM) 	Elapsed: 0.024	Loglikelihood: -26222.3	(delta): 0.000328188
322 (QN/EM) 	Elapsed: 0.024	Loglikelihood: -26222.3	(delta): 0.000251745
323 (QN/EM) 	Elapsed: 0.024	Loglikelihood: -26222.3	(delta): 0.000436042
324 (QN/EM) 	Elapsed: 0.024	Loglikelihood: -26222.3	(delta): 0.00031092
325 (QN/EM) 	Elapsed: 0.024	Loglikelihood: -26222.3	(delta): 0.000298405
326 (QN/EM) 	Elapsed: 0.024	Loglikelihood: -26222.3	(delta): 0.000229034
327 (QN/EM) 	Elapsed: 0.024	Loglikelihood: -26222.3	(delta): 0.000396534
328 (QN/EM) 	Elapsed: 0.024	Loglikelihood: -26222.3	(delta): 0.00028367
329 (QN/EM) 	Elapsed: 0.024	Loglikelihood: -26222.3	(delta): 0.000271929
330 (QN/EM) 	Elapsed: 0.024	Loglikelihood: -26222.3	(delta): 0.000208823
331 (QN/EM) 	Elapsed: 0.024	Loglikelihood: -26222.3	(delta): 0.000359311
332 (QN/EM) 	Elapsed: 0.024	Loglikelihood: -26222.3	(delta): 0.000258981
333 (QN/EM) 	Elapsed: 0.024	Loglikelihood: -26222.3	(delta): 0.000248469
334 (QN/EM) 	Elapsed: 0.024	Loglikelihood: -26222.3	(delta): 0.00019089
335 (QN/EM) 	Elapsed: 0.024	Loglikelihood: -26222.3	(delta): 0.000324063
336 (QN/EM) 	Elapsed: 0.024	Loglikelihood: -26222.3	(delta): 0.000236865
337 (QN/EM) 	Elapsed: 0.024	Loglikelihood: -26222.3	(delta): 0.00022752
338 (QN/EM) 	Elapsed: 0.024	Loglikelihood: -26222.3	(delta): 0.000175069
339 (QN/EM) 	Elapsed: 0.024	Loglikelihood: -26222.3	(delta): 0.000290697
340 (QN/EM) 	Elapsed: 0.024	Loglikelihood: -26222.3	(delta): 0.000217371
341 (QN/EM) 	Elapsed: 0.024	Loglikelihood: -26222.3	(delta): 0.00020845
342 (QN/EM) 	Elapsed: 0.024	Loglikelihood: -26222.3	(delta): 0.000161217
343 (QN/EM) 	Elapsed: 0.024	Loglikelihood: -26222.3	(delta): 0.000259404
344 (QN/EM) 	Elapsed: 0.024	Loglikelihood: -26222.3	(delta): 0.000200399
345 (QN/EM) 	Elapsed: 0.024	Loglikelihood: -26222.3	(delta): 0.000190646
346 (QN/EM) 	Elapsed: 0.024	Loglikelihood: -26222.3	(delta): 0.000139826
347 (QN/EM) 	Elapsed: 0.024	Loglikelihood: -26222.3	(delta): 0.000168789
348 (QN/EM) 	Elapsed: 0.024	Loglikelihood: -26222.3	(delta): 0.000100235
349 (QN/EM) 	Elapsed: 0.024	Loglikelihood: -26222.3	(delta): 0.000107023
350 (QN/EM) 	Elapsed: 0.024	Loglikelihood: -26222.3	(delta): 0.000643899
351 (QN/EM) 	Elapsed: 0.024	Loglikelihood: -26222.3	(delta): 0.00153859
352 (QN/EM) 	Elapsed: 0.024	Loglikelihood: -26222.3	(delta): 5.3741e-05
Summary: 
Converged in 352 iterations (8.746 sec)
Loglikelihood: -26222.273199
Fst divergences between estimated populations: 
	Pop0	Pop1	Pop2	
Pop0	
Pop1	0.343	
Pop2	0.395	0.221	
Pop3	0.345	0.178	0.328	
CV error (K=4): 0.17571
Writing output files.
