****                   ADMIXTURE Version 1.3.0                  ****
****                    Copyright 2008-2015                     ****
****           David Alexander, Suyash Shringarpure,            ****
****                John  Novembre, Ken Lange                   ****
****                                                            ****
****                 Please cite our paper!                     ****
****   Information at www.genetics.ucla.edu/software/admixture  ****

Cross-validation will be performed.  Folds=5.
Parallel execution requested.  Will use 5 threads.
Random seed: 43
Point estimation method: EM algorithm
Convergence acceleration algorithm: QuasiNewton, 3 secant conditions
Point estimation will terminate when objective function delta < 0.0001
Estimation of standard errors disabled; will compute point estimates only.
Size of G: 7x402
Performing five EM steps to prime main algorithm
1 (EM) 	Elapsed: 0	Loglikelihood: -2180.62	(delta): 2150.11
2 (EM) 	Elapsed: 0	Loglikelihood: -2004.1	(delta): 176.518
3 (EM) 	Elapsed: 0	Loglikelihood: -1889.39	(delta): 114.715
4 (EM) 	Elapsed: 0	Loglikelihood: -1788.11	(delta): 101.285
5 (EM) 	Elapsed: 0	Loglikelihood: -1708.28	(delta): 79.828
Initial loglikelihood: -1708.28
Starting main algorithm
1 (QN/EM) 	Elapsed: 0	Loglikelihood: -1612.03	(delta): 96.2474
2 (QN/EM) 	Elapsed: 0	Loglikelihood: -1560.52	(delta): 51.5141
3 (QN/EM) 	Elapsed: 0.001	Loglikelihood: -1501.31	(delta): 59.2074
4 (QN/EM) 	Elapsed: 0	Loglikelihood: -1485.05	(delta): 16.2596
5 (QN/EM) 	Elapsed: 0	Loglikelihood: -1448.46	(delta): 36.5896
6 (QN/EM) 	Elapsed: 0	Loglikelihood: -1432.1	(delta): 16.359
7 (QN/EM) 	Elapsed: 0	Loglikelihood: -1420.87	(delta): 11.2254
8 (QN/EM) 	Elapsed: 0	Loglikelihood: -1409.64	(delta): 11.236
9 (QN/EM) 	Elapsed: 0	Loglikelihood: -1405.61	(delta): 4.03265
10 (QN/EM) 	Elapsed: 0	Loglikelihood: -1390.49	(delta): 15.1186
11 (QN/EM) 	Elapsed: 0	Loglikelihood: -1377.9	(delta): 12.5916
12 (QN/EM) 	Elapsed: 0	Loglikelihood: -1356.74	(delta): 21.1607
13 (QN/EM) 	Elapsed: 0	Loglikelihood: -1352.47	(delta): 4.26825
14 (QN/EM) 	Elapsed: 0	Loglikelihood: -1350.37	(delta): 2.09511
15 (QN/EM) 	Elapsed: 0	Loglikelihood: -1348.53	(delta): 1.83976
16 (QN/EM) 	Elapsed: 0	Loglikelihood: -1344.36	(delta): 4.17061
17 (QN/EM) 	Elapsed: 0	Loglikelihood: -1339.07	(delta): 5.2896
18 (QN/EM) 	Elapsed: 0	Loglikelihood: -1331.46	(delta): 7.60688
19 (QN/EM) 	Elapsed: 0	Loglikelihood: -1324.27	(delta): 7.19916
20 (QN/EM) 	Elapsed: 0	Loglikelihood: -1318.45	(delta): 5.81123
21 (QN/EM) 	Elapsed: 0	Loglikelihood: -1314.54	(delta): 3.90995
22 (QN/EM) 	Elapsed: 0	Loglikelihood: -1313.31	(delta): 1.2384
23 (QN/EM) 	Elapsed: 0	Loglikelihood: -1310.33	(delta): 2.97611
24 (QN/EM) 	Elapsed: 0	Loglikelihood: -1308.19	(delta): 2.1446
25 (QN/EM) 	Elapsed: 0	Loglikelihood: -1304.81	(delta): 3.37967
26 (QN/EM) 	Elapsed: 0	Loglikelihood: -1304.79	(delta): 0.0200264
27 (QN/EM) 	Elapsed: 0	Loglikelihood: -1304.78	(delta): 0.00563561
28 (QN/EM) 	Elapsed: 0	Loglikelihood: -1304.54	(delta): 0.243763
29 (QN/EM) 	Elapsed: 0	Loglikelihood: -1304.54	(delta): 0.000450812
30 (QN/EM) 	Elapsed: 0	Loglikelihood: -1304.54	(delta): 1.17653e-07
Summary: 
Converged in 30 iterations (0.03 sec)
Loglikelihood: -1304.535835
Fst divergences between estimated populations: 
	Pop0	Pop1	
Pop0	
Pop1	0.400	
Pop2	0.534	0.418	
CV error (K=3): 2.64207
Writing output files.
