****                   ADMIXTURE Version 1.3.0                  ****
****                    Copyright 2008-2015                     ****
****           David Alexander, Suyash Shringarpure,            ****
****                John  Novembre, Ken Lange                   ****
****                                                            ****
****                 Please cite our paper!                     ****
****   Information at www.genetics.ucla.edu/software/admixture  ****

Cross-validation will be performed.  Folds=5.
Parallel execution requested.  Will use 5 threads.
Random seed: 43
Point estimation method: EM algorithm
Convergence acceleration algorithm: QuasiNewton, 3 secant conditions
Point estimation will terminate when objective function delta < 0.0001
Estimation of standard errors disabled; will compute point estimates only.
Size of G: 7x402
Performing five EM steps to prime main algorithm
1 (EM) 	Elapsed: 0	Loglikelihood: -2109.91	(delta): 1981.99
2 (EM) 	Elapsed: 0	Loglikelihood: -1902.18	(delta): 207.729
3 (EM) 	Elapsed: 0	Loglikelihood: -1777.89	(delta): 124.297
4 (EM) 	Elapsed: 0	Loglikelihood: -1673.31	(delta): 104.575
5 (EM) 	Elapsed: 0	Loglikelihood: -1582.53	(delta): 90.7793
Initial loglikelihood: -1582.53
Starting main algorithm
1 (QN/EM) 	Elapsed: 0.001	Loglikelihood: -1442.83	(delta): 139.702
2 (QN/EM) 	Elapsed: 0.001	Loglikelihood: -1346.31	(delta): 96.5155
3 (QN/EM) 	Elapsed: 0.001	Loglikelihood: -1149.31	(delta): 197.001
4 (QN/EM) 	Elapsed: 0.001	Loglikelihood: -1111.68	(delta): 37.6325
5 (QN/EM) 	Elapsed: 0.001	Loglikelihood: -1092.86	(delta): 18.8224
6 (QN/EM) 	Elapsed: 0.001	Loglikelihood: -1076.68	(delta): 16.1766
7 (QN/EM) 	Elapsed: 0.001	Loglikelihood: -1038.96	(delta): 37.7236
8 (QN/EM) 	Elapsed: 0.001	Loglikelihood: -1022.57	(delta): 16.3854
9 (QN/EM) 	Elapsed: 0.001	Loglikelihood: -1018.52	(delta): 4.05592
10 (QN/EM) 	Elapsed: 0.001	Loglikelihood: -1016.47	(delta): 2.04451
11 (QN/EM) 	Elapsed: 0.001	Loglikelihood: -1014.96	(delta): 1.50745
12 (QN/EM) 	Elapsed: 0.001	Loglikelihood: -1012.16	(delta): 2.80021
13 (QN/EM) 	Elapsed: 0.001	Loglikelihood: -1010.89	(delta): 1.27184
14 (QN/EM) 	Elapsed: 0.001	Loglikelihood: -1010.12	(delta): 0.775121
15 (QN/EM) 	Elapsed: 0.001	Loglikelihood: -1009.56	(delta): 0.557615
16 (QN/EM) 	Elapsed: 0.001	Loglikelihood: -1008.17	(delta): 1.38685
17 (QN/EM) 	Elapsed: 0.001	Loglikelihood: -1008.14	(delta): 0.0335642
18 (QN/EM) 	Elapsed: 0.001	Loglikelihood: -1008.1	(delta): 0.0357823
19 (QN/EM) 	Elapsed: 0.001	Loglikelihood: -1008.06	(delta): 0.0383421
20 (QN/EM) 	Elapsed: 0.001	Loglikelihood: -1008.05	(delta): 0.0130851
21 (QN/EM) 	Elapsed: 0.001	Loglikelihood: -1008.04	(delta): 0.0113726
22 (QN/EM) 	Elapsed: 0.001	Loglikelihood: -1008.03	(delta): 0.0100416
23 (QN/EM) 	Elapsed: 0.001	Loglikelihood: -1008.02	(delta): 0.00718126
24 (QN/EM) 	Elapsed: 0.001	Loglikelihood: -1008.02	(delta): 0.00565074
25 (QN/EM) 	Elapsed: 0.001	Loglikelihood: -1008.01	(delta): 0.00482601
26 (QN/EM) 	Elapsed: 0	Loglikelihood: -1007.99	(delta): 0.0258175
27 (QN/EM) 	Elapsed: 0.001	Loglikelihood: -1007.99	(delta): 0.00134116
28 (QN/EM) 	Elapsed: 0.001	Loglikelihood: -1007.98	(delta): 0.00092046
29 (QN/EM) 	Elapsed: 0.001	Loglikelihood: -1007.98	(delta): 0.00667913
30 (QN/EM) 	Elapsed: 0.001	Loglikelihood: -1007.98	(delta): 2.15365e-07
Summary: 
Converged in 30 iterations (0.039 sec)
Loglikelihood: -1007.977981
Fst divergences between estimated populations: 
	Pop0	Pop1	Pop2	
Pop0	
Pop1	0.612	
Pop2	0.582	0.483	
Pop3	0.688	0.503	0.541	
CV error (K=4): 2.44444
Writing output files.
