****                   ADMIXTURE Version 1.3.0                  ****
****                    Copyright 2008-2015                     ****
****           David Alexander, Suyash Shringarpure,            ****
****                John  Novembre, Ken Lange                   ****
****                                                            ****
****                 Please cite our paper!                     ****
****   Information at www.genetics.ucla.edu/software/admixture  ****

Cross-validation will be performed.  Folds=5.
Parallel execution requested.  Will use 5 threads.
Random seed: 43
Point estimation method: EM algorithm
Convergence acceleration algorithm: QuasiNewton, 3 secant conditions
Point estimation will terminate when objective function delta < 0.0001
Estimation of standard errors disabled; will compute point estimates only.
Size of G: 7x402
Performing five EM steps to prime main algorithm
1 (EM) 	Elapsed: 0	Loglikelihood: -2124.76	(delta): 1928.09
2 (EM) 	Elapsed: 0	Loglikelihood: -1889.01	(delta): 235.756
3 (EM) 	Elapsed: 0	Loglikelihood: -1744.47	(delta): 144.537
4 (EM) 	Elapsed: 0	Loglikelihood: -1613.91	(delta): 130.56
5 (EM) 	Elapsed: 0	Loglikelihood: -1490.97	(delta): 122.941
Initial loglikelihood: -1490.97
Starting main algorithm
1 (QN/EM) 	Elapsed: 0.001	Loglikelihood: -1281.48	(delta): 209.491
2 (QN/EM) 	Elapsed: 0.001	Loglikelihood: -1131.76	(delta): 149.714
3 (QN/EM) 	Elapsed: 0.002	Loglikelihood: -969.494	(delta): 162.271
4 (QN/EM) 	Elapsed: 0.001	Loglikelihood: -933.649	(delta): 35.8451
5 (QN/EM) 	Elapsed: 0.001	Loglikelihood: -904.648	(delta): 29.0006
6 (QN/EM) 	Elapsed: 0.001	Loglikelihood: -872.047	(delta): 32.6011
7 (QN/EM) 	Elapsed: 0.001	Loglikelihood: -848.705	(delta): 23.3422
8 (QN/EM) 	Elapsed: 0.001	Loglikelihood: -839.206	(delta): 9.4992
9 (QN/EM) 	Elapsed: 0.001	Loglikelihood: -822.889	(delta): 16.3171
10 (QN/EM) 	Elapsed: 0.001	Loglikelihood: -820.175	(delta): 2.71317
11 (QN/EM) 	Elapsed: 0.001	Loglikelihood: -813.778	(delta): 6.39717
12 (QN/EM) 	Elapsed: 0.001	Loglikelihood: -813.399	(delta): 0.379202
13 (QN/EM) 	Elapsed: 0.001	Loglikelihood: -813.38	(delta): 0.0190439
14 (QN/EM) 	Elapsed: 0.001	Loglikelihood: -813.376	(delta): 0.00414718
15 (QN/EM) 	Elapsed: 0.001	Loglikelihood: -813.374	(delta): 0.0019541
16 (QN/EM) 	Elapsed: 0.001	Loglikelihood: -813.372	(delta): 0.00155188
17 (QN/EM) 	Elapsed: 0.001	Loglikelihood: -813.371	(delta): 0.00124114
18 (QN/EM) 	Elapsed: 0.001	Loglikelihood: -813.37	(delta): 0.00103679
19 (QN/EM) 	Elapsed: 0.001	Loglikelihood: -813.369	(delta): 0.000695662
20 (QN/EM) 	Elapsed: 0.001	Loglikelihood: -813.369	(delta): 8.65889e-05
Summary: 
Converged in 20 iterations (0.033 sec)
Loglikelihood: -813.369284
Fst divergences between estimated populations: 
	Pop0	Pop1	Pop2	Pop3	
Pop0	
Pop1	0.565	
Pop2	0.573	0.749	
Pop3	0.571	0.778	0.706	
Pop4	0.497	0.668	0.433	0.626	
CV error (K=5): -nan
Writing output files.
