****                   ADMIXTURE Version 1.3.0                  ****
****                    Copyright 2008-2015                     ****
****           David Alexander, Suyash Shringarpure,            ****
****                John  Novembre, Ken Lange                   ****
****                                                            ****
****                 Please cite our paper!                     ****
****   Information at www.genetics.ucla.edu/software/admixture  ****

Cross-validation will be performed.  Folds=5.
Parallel execution requested.  Will use 5 threads.
Random seed: 43
Point estimation method: EM algorithm
Convergence acceleration algorithm: QuasiNewton, 3 secant conditions
Point estimation will terminate when objective function delta < 0.0001
Estimation of standard errors disabled; will compute point estimates only.
Size of G: 7x402
Performing five EM steps to prime main algorithm
1 (EM) 	Elapsed: 0	Loglikelihood: -2158.36	(delta): 1880.66
2 (EM) 	Elapsed: 0	Loglikelihood: -1950.76	(delta): 207.602
3 (EM) 	Elapsed: 0	Loglikelihood: -1820.04	(delta): 130.721
4 (EM) 	Elapsed: 0	Loglikelihood: -1698.36	(delta): 121.684
5 (EM) 	Elapsed: 0	Loglikelihood: -1586.68	(delta): 111.675
Initial loglikelihood: -1586.68
Starting main algorithm
1 (QN/EM) 	Elapsed: 0.001	Loglikelihood: -1399.41	(delta): 187.276
2 (QN/EM) 	Elapsed: 0.001	Loglikelihood: -1241.68	(delta): 157.724
3 (QN/EM) 	Elapsed: 0.002	Loglikelihood: -1066.92	(delta): 174.76
4 (QN/EM) 	Elapsed: 0.001	Loglikelihood: -1011.48	(delta): 55.4403
5 (QN/EM) 	Elapsed: 0.001	Loglikelihood: -936.235	(delta): 75.2454
6 (QN/EM) 	Elapsed: 0.001	Loglikelihood: -892.715	(delta): 43.5203
7 (QN/EM) 	Elapsed: 0.001	Loglikelihood: -848.754	(delta): 43.961
8 (QN/EM) 	Elapsed: 0.001	Loglikelihood: -781.935	(delta): 66.819
9 (QN/EM) 	Elapsed: 0.001	Loglikelihood: -758.5	(delta): 23.4345
10 (QN/EM) 	Elapsed: 0.001	Loglikelihood: -745.686	(delta): 12.8145
11 (QN/EM) 	Elapsed: 0.001	Loglikelihood: -729.793	(delta): 15.8929
12 (QN/EM) 	Elapsed: 0.001	Loglikelihood: -712.838	(delta): 16.9547
13 (QN/EM) 	Elapsed: 0.001	Loglikelihood: -710.171	(delta): 2.66745
14 (QN/EM) 	Elapsed: 0.001	Loglikelihood: -706.866	(delta): 3.30503
15 (QN/EM) 	Elapsed: 0.001	Loglikelihood: -705.786	(delta): 1.07999
16 (QN/EM) 	Elapsed: 0.001	Loglikelihood: -705.582	(delta): 0.20361
17 (QN/EM) 	Elapsed: 0.001	Loglikelihood: -705.35	(delta): 0.231698
18 (QN/EM) 	Elapsed: 0.001	Loglikelihood: -705.273	(delta): 0.0777086
19 (QN/EM) 	Elapsed: 0.001	Loglikelihood: -705.197	(delta): 0.075735
20 (QN/EM) 	Elapsed: 0.001	Loglikelihood: -705.12	(delta): 0.0770473
21 (QN/EM) 	Elapsed: 0.001	Loglikelihood: -705.042	(delta): 0.0780557
22 (QN/EM) 	Elapsed: 0.001	Loglikelihood: -704.957	(delta): 0.0851426
23 (QN/EM) 	Elapsed: 0.001	Loglikelihood: -704.672	(delta): 0.284744
24 (QN/EM) 	Elapsed: 0.001	Loglikelihood: -704.559	(delta): 0.113149
25 (QN/EM) 	Elapsed: 0.001	Loglikelihood: -704.453	(delta): 0.105176
26 (QN/EM) 	Elapsed: 0.001	Loglikelihood: -704.351	(delta): 0.102769
27 (QN/EM) 	Elapsed: 0.001	Loglikelihood: -704.249	(delta): 0.101816
28 (QN/EM) 	Elapsed: 0.001	Loglikelihood: -704.148	(delta): 0.100829
29 (QN/EM) 	Elapsed: 0.001	Loglikelihood: -704.048	(delta): 0.10015
30 (QN/EM) 	Elapsed: 0.001	Loglikelihood: -703.949	(delta): 0.0992917
31 (QN/EM) 	Elapsed: 0.001	Loglikelihood: -703.85	(delta): 0.0982124
32 (QN/EM) 	Elapsed: 0.001	Loglikelihood: -703.754	(delta): 0.0969171
33 (QN/EM) 	Elapsed: 0.001	Loglikelihood: -703.658	(delta): 0.0954251
34 (QN/EM) 	Elapsed: 0.001	Loglikelihood: -703.564	(delta): 0.0937593
35 (QN/EM) 	Elapsed: 0.001	Loglikelihood: -703.472	(delta): 0.0919363
36 (QN/EM) 	Elapsed: 0.001	Loglikelihood: -703.382	(delta): 0.0899701
37 (QN/EM) 	Elapsed: 0.001	Loglikelihood: -703.295	(delta): 0.0878763
38 (QN/EM) 	Elapsed: 0.001	Loglikelihood: -703.209	(delta): 0.0856714
39 (QN/EM) 	Elapsed: 0.001	Loglikelihood: -703.057	(delta): 0.152304
40 (QN/EM) 	Elapsed: 0.001	Loglikelihood: -702.871	(delta): 0.185234
41 (QN/EM) 	Elapsed: 0.001	Loglikelihood: -702.76	(delta): 0.110924
42 (QN/EM) 	Elapsed: 0.001	Loglikelihood: -702.692	(delta): 0.0687921
43 (QN/EM) 	Elapsed: 0.001	Loglikelihood: -702.625	(delta): 0.0664595
44 (QN/EM) 	Elapsed: 0.001	Loglikelihood: -701.444	(delta): 1.18078
45 (QN/EM) 	Elapsed: 0.001	Loglikelihood: -701.336	(delta): 0.108254
46 (QN/EM) 	Elapsed: 0.001	Loglikelihood: -701.336	(delta): 9.38777e-08
Summary: 
Converged in 46 iterations (0.071 sec)
Loglikelihood: -701.336111
Fst divergences between estimated populations: 
	Pop0	Pop1	Pop2	Pop3	Pop4	
Pop0	
Pop1	0.700	
Pop2	0.661	0.754	
Pop3	0.553	0.641	0.363	
Pop4	0.681	0.781	0.708	0.601	
Pop5	0.631	0.733	0.693	0.577	0.710	
CV error (K=6): 2.11673
Writing output files.
