****                   ADMIXTURE Version 1.3.0                  ****
****                    Copyright 2008-2015                     ****
****           David Alexander, Suyash Shringarpure,            ****
****                John  Novembre, Ken Lange                   ****
****                                                            ****
****                 Please cite our paper!                     ****
****   Information at www.genetics.ucla.edu/software/admixture  ****

Cross-validation will be performed.  Folds=5.
Parallel execution requested.  Will use 5 threads.
Random seed: 43
Point estimation method: EM algorithm
Convergence acceleration algorithm: QuasiNewton, 3 secant conditions
Point estimation will terminate when objective function delta < 0.0001
Estimation of standard errors disabled; will compute point estimates only.
Size of G: 7x402
Performing five EM steps to prime main algorithm
1 (EM) 	Elapsed: 0	Loglikelihood: -2099.13	(delta): 1859.14
2 (EM) 	Elapsed: 0	Loglikelihood: -1821	(delta): 278.137
3 (EM) 	Elapsed: 0	Loglikelihood: -1634.61	(delta): 186.39
4 (EM) 	Elapsed: 0	Loglikelihood: -1475.78	(delta): 158.823
5 (EM) 	Elapsed: 0	Loglikelihood: -1341.61	(delta): 134.169
Initial loglikelihood: -1341.61
Starting main algorithm
1 (QN/EM) 	Elapsed: 0.002	Loglikelihood: -1141.92	(delta): 199.696
2 (QN/EM) 	Elapsed: 0.001	Loglikelihood: -1016.01	(delta): 125.906
3 (QN/EM) 	Elapsed: 0.003	Loglikelihood: -803.861	(delta): 212.152
4 (QN/EM) 	Elapsed: 0.002	Loglikelihood: -740.897	(delta): 62.9637
5 (QN/EM) 	Elapsed: 0.002	Loglikelihood: -713.961	(delta): 26.9364
6 (QN/EM) 	Elapsed: 0.002	Loglikelihood: -687.749	(delta): 26.2115
7 (QN/EM) 	Elapsed: 0.002	Loglikelihood: -668.679	(delta): 19.0705
8 (QN/EM) 	Elapsed: 0.002	Loglikelihood: -663.984	(delta): 4.69523
9 (QN/EM) 	Elapsed: 0.002	Loglikelihood: -662.931	(delta): 1.05294
10 (QN/EM) 	Elapsed: 0.002	Loglikelihood: -662.17	(delta): 0.761295
11 (QN/EM) 	Elapsed: 0.002	Loglikelihood: -661.611	(delta): 0.558607
12 (QN/EM) 	Elapsed: 0.002	Loglikelihood: -661.201	(delta): 0.410443
13 (QN/EM) 	Elapsed: 0.002	Loglikelihood: -660.897	(delta): 0.303957
14 (QN/EM) 	Elapsed: 0.001	Loglikelihood: -660.435	(delta): 0.462044
15 (QN/EM) 	Elapsed: 0.002	Loglikelihood: -660.326	(delta): 0.10816
16 (QN/EM) 	Elapsed: 0.002	Loglikelihood: -660.245	(delta): 0.0814734
17 (QN/EM) 	Elapsed: 0.001	Loglikelihood: -660.009	(delta): 0.236089
18 (QN/EM) 	Elapsed: 0.001	Loglikelihood: -660.008	(delta): 0.000640726
19 (QN/EM) 	Elapsed: 0.001	Loglikelihood: -660.008	(delta): 0.000160675
20 (QN/EM) 	Elapsed: 0.001	Loglikelihood: -660.008	(delta): 0.000424715
21 (QN/EM) 	Elapsed: 0.001	Loglikelihood: -660.007	(delta): 0.000368386
22 (QN/EM) 	Elapsed: 0.001	Loglikelihood: -660.007	(delta): 5.52828e-05
Summary: 
Converged in 22 iterations (0.052 sec)
Loglikelihood: -660.007140
Fst divergences between estimated populations: 
	Pop0	Pop1	Pop2	Pop3	Pop4	Pop5	Pop6	
Pop0	
Pop1	0.834	
Pop2	0.854	0.880	
Pop3	0.650	0.667	0.694	
Pop4	0.805	0.778	0.721	0.641	
Pop5	0.610	0.867	0.902	0.710	0.850	
Pop6	0.722	0.699	0.740	0.584	0.654	0.764	
Pop7	0.738	0.753	0.782	0.433	0.725	0.779	0.662	
CV error (K=8): 1.98421
Writing output files.
